[  296.536000] Not expected one of them is 0, TxTotalByteCnt = 0, RxTotalByteCnt = 0
[  297.548000] Not expected one of them is 0, TxTotalByteCnt = 0, RxTotalByteCnt = 0
[  298.560000] Not expected one of them is 0, TxTotalByteCnt = 0, RxTotalByteCnt = 0
[  299.572000] Not expected one of them is 0, TxTotalByteCnt = 0, RxTotalByteCnt = 0
[  300.584000] Not expected one of them is 0, TxTotalByteCnt = 0, RxTotalByteCnt = 0
[  301.596000] Not expected one of them is 0, TxTotalByteCnt = 0, RxTotalByteCnt = 0
[  302.596000] AUTH - MBSS(3), Rcv AUTH seq#1, Alg=0, Status=0 from [wcid=255]30:75:12:e6:4f:86
[  302.616000] Not expected one of them is 0, TxTotalByteCnt = 0, RxTotalByteCnt = 0
[  302.628000] MacTableInsertEntry(): INIT UAPSD MR ENTRYuapsd> MaxSPLength = 0!
[  302.644000] remove key table:wcid[1]
[  302.652000] CmdProcAddRemoveKey(1):Write WTBL 1 Addr:0x28020, Value:0x2000864f
[  302.664000] CmdProcAddRemoveKey(1):Write WTBL 1 Addr:0x28024, Value:0xe6127530
[  302.680000] CmdProcAddRemoveKey(1):Write WTBL 1 Addr:0x28028, Value:0x0
[  302.692000] MtAsicUpdateRxWCIDTable(): WCID=1 mac_entry->type=131073, pMacEntry->MaxHTPhyMode.field.MODE=0, StatusFlag=0x0
[  302.716000] MtAsicUpdateRxWCIDTable(1):Write WTBL 1 Addr:0x28020, Value:0x3013864f
[  302.728000] MtAsicUpdateRxWCIDTable(1):Write WTBL 1 Addr:0x28024, Value:0xe6127530
[  302.744000] MtAsicUpdateRxWCIDTable(1):Write WTBL 1 Addr:0x28028, Value:0x40000000
[  302.760000] MtAsicUpdateRxWCIDTable(1):Write WTBL 1 Addr:0x2802c, Value:0x800800
[  302.776000] MtAsicUpdateRxWCIDTable(1):Write WTBL 1 Addr:0x28030, Value:0x21040
[  302.788000] MacTableInsertEntry(): alloc entry #1, Total= 1
[  302.800000] AndesMTRxProcessEvent (seq=8)
[  302.808000] CmdEdcaParameterSet:(ret = 0)
[  302.816000] AUTH_RSP - Send AUTH response (SUCCESS)...
[  302.828000] PeerAssocReqSanity - SsidLen = 16
[  302.840000] PeerAssocReqSanity - IE_SUPP_RATES., Len=8. Rates[0]=82
[  302.852000] Rates[1]=84 8b 96 24 30 48 6c
[  302.860000] PeerAssocReqSanity - IE_HT_CAP
[  302.868000] PeerAssocReqSanity - IE_EXT_CAPABILITY!
[  302.876000] PeerAssocReqCmmSanity() - success
[  302.884000] ap_cmm_peer_assoc_req_action():pEntry->func_tb_idx=3
[  302.896000] ASSOC - MBSS(3), receive ASSOC request from 30:75:12:e6:4f:86
[  302.912000] MtAsicUpdateRxWCIDTable(): WCID=1 mac_entry->type=131073, pMacEntry->MaxHTPhyMode.field.MODE=2, StatusFlag=0x90
[  302.932000] MtAsicUpdateRxWCIDTable(1):Write WTBL 1 Addr:0x28020, Value:0x3013864f
[  302.948000] MtAsicUpdateRxWCIDTable(1):Write WTBL 1 Addr:0x28024, Value:0xe6127530
[  302.964000] MtAsicUpdateRxWCIDTable(1):Write WTBL 1 Addr:0x28028, Value:0x58001805
[  302.980000] MtAsicUpdateRxWCIDTable(1):Write WTBL 1 Addr:0x2802c, Value:0x800800
[  302.992000] MtAsicUpdateRxWCIDTable(1):Write WTBL 1 Addr:0x28030, Value:0x821040
[  303.008000] ASSOC - Send ASSOC response (Status=0)...
[  303.020000] ra[3] ASSOC_REQ Threshold = 0, PktMaxRssi=-43
[  303.032000] ####### Send L2 Frame Mac=30:75:12:e6:4f:86
[  303.040000] ASSOC - 
[  303.040000]  Assign AID=1 to STA 30:75:12:e6:4f:86
[  303.056000] Peer - 11n HT Info
[  303.060000]  HT Cap Info: 
[  303.064000]           HT_RX_LDPC(1), BW(0), MIMOPS(3), GF(0), ShortGI_20(1), ShortGI_40(0)
[  303.080000]           TxSTBC(0), RxSTBC(1), DelayedBA(0), A-MSDU(0), CCK_40(1)
[  303.096000]           PSMP(0), Forty_Mhz_Intolerant(0), L-SIG(0)
[  303.104000]  HT Parm Info: 
[  303.112000]           MaxRx A-MPDU Factor(3), MPDU Density(5)
[  303.120000]  HT MCS set: 
[  303.128000]           RxMCS(ff 00 00 00 00) MaxRxMbps(0) TxMCSSetDef(00)
[  303.140000]  Ext HT Cap Info: 
[  303.144000]           PCO(0), TransTime(0), MCSFeedback(0), +HTC(0), RDG(0)
[  303.156000] 
[  303.156000] Peer - MODE=2, BW=0, MCS=7, ShortGI=0, MaxRxFactor=3, MpduDensity=5, MIMOPS=3, AMSDU=0
[  303.180000]  Ext Cap Info: 
[  303.184000]          Bss2040CoexistMgmt=0
[  303.192000] 
[  303.192000] ASSOC - Update AP OperaionMode=1, fAnyStationIsLegacy=0, fAnyStation20Only=1, fAnyStationNonGF=1
[  303.192000] 
[  303.216000]  Ext Cap Info: 
[  303.220000]          Bss2040CoexistMgmt=0
[  303.228000]  AuthMode=0, WepStatus=1, WpaState=0, GroupKeyWepStatus=1
[  303.240000]  WMMCap=1, RalinkAgg=0, PiggyBack=0, RDG=0, TxAMSDU=0, IdleTimeout=300
[  303.336000] PeerAddBAReqAction ==> (Wcid = 1)
[  303.344000] BA - PeerAddBAReqAction----> 
[  303.352000] Rcv Wcid(1) AddBAReq
[  303.356000] BARecSessionAdd(1): Idx = 1, BAWinSize(req 64) = 64
[  303.368000] Start Seq = 00000000
[  303.376000] MtAsicUpdateBASession():Update BA Session Info of wcid(1)=>tid=0, sn = 65535, basize=64, isAdd=1, ses_type=Recp(2)
[  303.400000] MACEntry[1]RXBAbitmap = 0x1. BARecWcidArray=1
[  303.408000] PeerAddBAReqAction(1): TID(0), BufSize(64) <== 
[  303.420000] CntlEnqueueForRecv(): BAR-Wcid(1), Tid (0)
[  303.432000] BAR(1) : Tid (0) - 0002:ffff
[  303.720000] Not expected one of them is 0, TxTotalByteCnt = 0, RxTotalByteCnt = 440
[  303.732000] DRS: TxTotalCnt <= 15, switch to MCS7 according to RSSI (-44), RssiOffset=-3
[  304.748000] Not expected one of them is 0, TxTotalByteCnt = 0, RxTotalByteCnt = 950
[  304.912000] BA Ori Session Timeout(1) : Send ADD BA again
[  304.924000] BA - Send ADDBA request. StartSeq = 4,  FrameLen = 33. BufSize = 64
[  304.936000] PeerAddBARspAction ==> Wcid(1)
[  304.944000]           StatusCode = 0
[  304.952000] MtAsicUpdateBASession():Update BA Session Info of wcid(1)=>tid=0, sn = 5, basize=64, isAdd=1, ses_type=Ori(1)
[  304.972000] MtAsicUpdateBASession(): ent->wtbl_addr[1]=0x4007c, val=0x01000007
[  304.988000] BAOriSessionAdd():TXBAbitmap=1, AMSDUCap=0, BAWinSize=64, TimeOut=0
[  305.328000] 
[  305.328000] uapsd> ----> UAPSD_SP_PacketCheck(555)
[  305.340000] AndesMTRxProcessEvent (seq=9)
[  305.348000] RtmpCleanupPsQueue (0xc01c3854)...
[  305.360000] RtmpCleanupPsQueue (0xc01c3860)...
[  305.368000] RtmpCleanupPsQueue (0xc01c386c)...
[  305.376000] RtmpCleanupPsQueue (0xc01c3878)...
[  305.384000] uapsd> clear UAPSD queues!
[  305.736000] 
[  305.736000] uapsd> ----> UAPSD_SP_PacketCheck(555)
[  305.748000] AndesMTRxProcessEvent (seq=10)
[  305.792000] Current TP=0 < Threshold(10), turn-off TxOP
[  305.800000] AndesSendCmdMsg: Command type = ed, Extension command type = 27
[  305.816000] BUG: AndesSendCmdMsg is called from invalid context
[  305.824000] CmdEdcaParameterSet:(ret = 1)
[  305.900000] RtmpCleanupPsQueue (0xc01c3854)...
[  305.908000] RtmpCleanupPsQueue (0xc01c3860)...
[  305.916000] RtmpCleanupPsQueue (0xc01c386c)...
[  305.924000] RtmpCleanupPsQueue (0xc01c3878)...
[  305.932000] uapsd> clear UAPSD queues!
[  306.348000] 
[  306.348000] uapsd> ----> UAPSD_SP_PacketCheck(555)
[  306.360000] AndesMTRxProcessEvent (seq=11)
[  306.368000] RtmpCleanupPsQueue (0xc01c3854)...
[  306.376000] RtmpCleanupPsQueue (0xc01c3860)...
[  306.384000] RtmpCleanupPsQueue (0xc01c386c)...
[  306.392000] RtmpCleanupPsQueue (0xc01c3878)...
[  306.404000] uapsd> clear UAPSD queues!
[  306.448000] 
[  306.448000] uapsd> ----> UAPSD_SP_PacketCheck(555)
[  306.460000] AndesMTRxProcessEvent (seq=12)
[  306.532000] RtmpCleanupPsQueue (0xc01c3854)...
[  306.540000] RtmpCleanupPsQueue (0xc01c3860)...
[  306.552000] RtmpCleanupPsQueue (0xc01c386c)...
[  306.560000] RtmpCleanupPsQueue (0xc01c3878)...
[  306.568000] uapsd> clear UAPSD queues!
[  306.652000] 
[  306.652000] uapsd> ----> UAPSD_SP_PacketCheck(555)
[  306.664000] AndesMTRxProcessEvent (seq=13)
[  306.672000] RtmpCleanupPsQueue (0xc01c3854)...
[  306.680000] RtmpCleanupPsQueue (0xc01c3860)...
[  306.692000] RtmpCleanupPsQueue (0xc01c386c)...
[  306.700000] RtmpCleanupPsQueue (0xc01c3878)...
[  306.708000] uapsd> clear UAPSD queues!
[  306.752000] 
[  306.752000] uapsd> ----> UAPSD_SP_PacketCheck(555)
[  306.768000] AndesMTRxProcessEvent (seq=14)
[  306.804000] RtmpCleanupPsQueue (0xc01c3854)...
[  306.812000] RtmpCleanupPsQueue (0xc01c3860)...
[  306.820000] RtmpCleanupPsQueue (0xc01c386c)...
[  306.832000] RtmpCleanupPsQueue (0xc01c3878)...
[  306.840000] uapsd> clear UAPSD queues!
[  306.856000] 
[  306.856000] uapsd> ----> UAPSD_SP_PacketCheck(555)
[  306.868000] AndesMTRxProcessEvent (seq=15)
[  306.940000] RtmpCleanupPsQueue (0xc01c3854)...
[  306.948000] RtmpCleanupPsQueue (0xc01c3860)...
[  306.960000] RtmpCleanupPsQueue (0xc01c386c)...
[  306.968000] RtmpCleanupPsQueue (0xc01c3878)...
[  306.976000] uapsd> clear UAPSD queues!
[  306.984000] Current TP=0 < Threshold(10), turn-off TxOP
[  307.060000] 
[  307.060000] uapsd> ----> UAPSD_SP_PacketCheck(555)
[  307.072000] AndesMTRxProcessEvent (seq=1)
[  307.084000] RtmpCleanupPsQueue (0xc01c3854)...
[  307.092000] RtmpCleanupPsQueue (0xc01c3860)...
[  307.100000] RtmpCleanupPsQueue (0xc01c386c)...
[  307.108000] RtmpCleanupPsQueue (0xc01c3878)...
[  307.120000] uapsd> clear UAPSD queues!
[  307.160000] 
[  307.160000] uapsd> ----> UAPSD_SP_PacketCheck(555)
[  307.172000] AndesMTRxProcessEvent (seq=2)
[  307.220000] RtmpCleanupPsQueue (0xc01c3854)...
[  307.232000] RtmpCleanupPsQueue (0xc01c3860)...
[  307.240000] RtmpCleanupPsQueue (0xc01c386c)...
[  307.248000] RtmpCleanupPsQueue (0xc01c3878)...
[  307.256000] uapsd> clear UAPSD queues!
[  307.364000] 
[  307.364000] uapsd> ----> UAPSD_SP_PacketCheck(555)
[  307.376000] AndesMTRxProcessEvent (seq=3)
[  307.384000] RtmpCleanupPsQueue (0xc01c3854)...
[  307.392000] RtmpCleanupPsQueue (0xc01c3860)...
[  307.404000] RtmpCleanupPsQueue (0xc01c386c)...
[  307.412000] RtmpCleanupPsQueue (0xc01c3878)...
[  307.420000] uapsd> clear UAPSD queues!
[  307.464000] 
[  307.464000] uapsd> ----> UAPSD_SP_PacketCheck(555)
[  307.480000] AndesMTRxProcessEvent (seq=4)
[  307.488000] RtmpCleanupPsQueue (0xc01c3854)...
[  307.496000] RtmpCleanupPsQueue (0xc01c3860)...
[  307.504000] RtmpCleanupPsQueue (0xc01c386c)...
[  307.512000] RtmpCleanupPsQueue (0xc01c3878)...
[  307.520000] uapsd> clear UAPSD queues!
[  307.568000] 
[  307.568000] uapsd> ----> UAPSD_SP_PacketCheck(555)
[  307.580000] AndesMTRxProcessEvent (seq=5)
[  307.644000] RtmpCleanupPsQueue (0xc01c3854)...
[  307.652000] RtmpCleanupPsQueue (0xc01c3860)...
[  307.660000] RtmpCleanupPsQueue (0xc01c386c)...
[  307.668000] RtmpCleanupPsQueue (0xc01c3878)...
[  307.676000] uapsd> clear UAPSD queues!
[  307.772000] 
[  307.772000] uapsd> ----> UAPSD_SP_PacketCheck(555)
[  307.784000] AndesMTRxProcessEvent (seq=6)
[  307.828000] RtmpCleanupPsQueue (0xc01c3854)...
[  307.836000] RtmpCleanupPsQueue (0xc01c3860)...
[  307.848000] RtmpCleanupPsQueue (0xc01c386c)...
[  307.856000] RtmpCleanupPsQueue (0xc01c3878)...
[  307.864000] uapsd> clear UAPSD queues!
[  307.976000] 
[  307.976000] uapsd> ----> UAPSD_SP_PacketCheck(555)
[  307.988000] AndesMTRxProcessEvent (seq=7)
[  308.012000] RtmpCleanupPsQueue (0xc01c3854)...
[  308.024000] RtmpCleanupPsQueue (0xc01c3860)...
[  308.032000] RtmpCleanupPsQueue (0xc01c386c)...
[  308.040000] RtmpCleanupPsQueue (0xc01c3878)...
[  308.048000] uapsd> clear UAPSD queues!
[  308.076000] 
[  308.076000] uapsd> ----> UAPSD_SP_PacketCheck(555)
[  308.088000] Current TP=0 < Threshold(10), turn-off TxOP
[  308.100000] AndesMTRxProcessEvent (seq=8)
[  308.200000] RtmpCleanupPsQueue (0xc01c3854)...
[  308.208000] RtmpCleanupPsQueue (0xc01c3860)...
[  308.216000] RtmpCleanupPsQueue (0xc01c386c)...
[  308.224000] RtmpCleanupPsQueue (0xc01c3878)...
[  308.232000] uapsd> clear UAPSD queues!
[  308.280000] 
[  308.280000] uapsd> ----> UAPSD_SP_PacketCheck(555)
[  308.292000] AndesMTRxProcessEvent (seq=9)
[  308.336000] RtmpCleanupPsQueue (0xc01c3854)...
[  308.348000] RtmpCleanupPsQueue (0xc01c3860)...
[  308.356000] RtmpCleanupPsQueue (0xc01c386c)...
[  308.364000] RtmpCleanupPsQueue (0xc01c3878)...
[  308.372000] uapsd> clear UAPSD queues!
[  308.484000] 
[  308.484000] uapsd> ----> UAPSD_SP_PacketCheck(555)
[  308.496000] AndesMTRxProcessEvent (seq=10)
[  308.504000] RtmpCleanupPsQueue (0xc01c3854)...
[  308.512000] RtmpCleanupPsQueue (0xc01c3860)...
[  308.520000] RtmpCleanupPsQueue (0xc01c386c)...
[  308.532000] RtmpCleanupPsQueue (0xc01c3878)...
[  308.540000] uapsd> clear UAPSD queues!
[  308.584000] 
[  308.584000] uapsd> ----> UAPSD_SP_PacketCheck(555)
[  308.596000] AndesMTRxProcessEvent (seq=11)
[  308.604000] RtmpCleanupPsQueue (0xc01c3854)...
[  308.616000] RtmpCleanupPsQueue (0xc01c3860)...
[  308.624000] RtmpCleanupPsQueue (0xc01c386c)...
[  308.632000] RtmpCleanupPsQueue (0xc01c3878)...
[  308.640000] uapsd> clear UAPSD queues!
[  308.788000] 
[  308.788000] uapsd> ----> UAPSD_SP_PacketCheck(555)
[  308.800000] AndesMTRxProcessEvent (seq=12)
[  308.964000] RtmpCleanupPsQueue (0xc01c3854)...
[  308.976000] RtmpCleanupPsQueue (0xc01c3860)...
[  308.984000] RtmpCleanupPsQueue (0xc01c386c)...
[  308.992000] RtmpCleanupPsQueue (0xc01c3878)...
[  309.000000] uapsd> clear UAPSD queues!
[  309.148000] Current TP=0 < Threshold(10), turn-off TxOP
[  309.196000] 
[  309.196000] uapsd> ----> UAPSD_SP_PacketCheck(555)
[  309.208000] AndesMTRxProcessEvent (seq=13)
[  309.356000] RtmpCleanupPsQueue (0xc01c3854)...
[  309.364000] RtmpCleanupPsQueue (0xc01c3860)...
[  309.376000] RtmpCleanupPsQueue (0xc01c386c)...
[  309.384000] RtmpCleanupPsQueue (0xc01c3878)...
[  309.392000] uapsd> clear UAPSD queues!
[  309.500000] 
[  309.500000] uapsd> ----> UAPSD_SP_PacketCheck(555)
[  309.512000] AndesMTRxProcessEvent (seq=14)
[  309.548000] RtmpCleanupPsQueue (0xc01c3854)...
[  309.556000] RtmpCleanupPsQueue (0xc01c3860)...
[  309.564000] RtmpCleanupPsQueue (0xc01c386c)...
[  309.572000] RtmpCleanupPsQueue (0xc01c3878)...
[  309.580000] uapsd> clear UAPSD queues!
[  309.604000] 
[  309.604000] uapsd> ----> UAPSD_SP_PacketCheck(555)
[  309.616000] AndesMTRxProcessEvent (seq=15)
[  309.684000] RtmpCleanupPsQueue (0xc01c3854)...
[  309.692000] RtmpCleanupPsQueue (0xc01c3860)...
[  309.700000] RtmpCleanupPsQueue (0xc01c386c)...
[  309.712000] RtmpCleanupPsQueue (0xc01c3878)...
[  309.720000] uapsd> clear UAPSD queues!
[  309.808000] 
[  309.808000] uapsd> ----> UAPSD_SP_PacketCheck(555)
[  309.820000] AndesMTRxProcessEvent (seq=1)
[  309.828000] RtmpCleanupPsQueue (0xc01c3854)...
[  309.836000] RtmpCleanupPsQueue (0xc01c3860)...
[  309.844000] RtmpCleanupPsQueue (0xc01c386c)...
[  309.852000] RtmpCleanupPsQueue (0xc01c3878)...
[  309.864000] uapsd> clear UAPSD queues!
[  309.908000] 
[  309.908000] uapsd> ----> UAPSD_SP_PacketCheck(555)
[  309.920000] AndesMTRxProcessEvent (seq=2)
[  309.960000] RtmpCleanupPsQueue (0xc01c3854)...
[  309.968000] RtmpCleanupPsQueue (0xc01c3860)...
[  309.976000] RtmpCleanupPsQueue (0xc01c386c)...
[  309.984000] RtmpCleanupPsQueue (0xc01c3878)...
[  309.996000] uapsd> clear UAPSD queues!
[  310.008000] 
[  310.008000] uapsd> ----> UAPSD_SP_PacketCheck(555)
[  310.024000] AndesMTRxProcessEvent (seq=3)
[  310.096000] RtmpCleanupPsQueue (0xc01c3854)...
[  310.104000] RtmpCleanupPsQueue (0xc01c3860)...
[  310.112000] RtmpCleanupPsQueue (0xc01c386c)...
[  310.124000] RtmpCleanupPsQueue (0xc01c3878)...
[  310.132000] uapsd> clear UAPSD queues!
[  310.212000] 
[  310.212000] uapsd> ----> UAPSD_SP_PacketCheck(555)
[  310.224000] AndesMTRxProcessEvent (seq=4)
[  310.236000] RtmpCleanupPsQueue (0xc01c3854)...
[  310.244000] RtmpCleanupPsQueue (0xc01c3860)...
[  310.252000] RtmpCleanupPsQueue (0xc01c386c)...
[  310.260000] RtmpCleanupPsQueue (0xc01c3878)...
[  310.272000] uapsd> clear UAPSD queues!
[  310.276000] Current TP=0 < Threshold(10), turn-off TxOP
[  310.316000] 
[  310.316000] uapsd> ----> UAPSD_SP_PacketCheck(555)
[  310.328000] AndesMTRxProcessEvent (seq=5)
[  310.376000] RtmpCleanupPsQueue (0xc01c3854)...
[  310.384000] RtmpCleanupPsQueue (0xc01c3860)...
[  310.396000] RtmpCleanupPsQueue (0xc01c386c)...
[  310.404000] RtmpCleanupPsQueue (0xc01c3878)...
[  310.412000] uapsd> clear UAPSD queues!
[  310.520000] 
[  310.520000] uapsd> ----> UAPSD_SP_PacketCheck(555)
[  310.532000] AndesMTRxProcessEvent (seq=6)
[  310.540000] RtmpCleanupPsQueue (0xc01c3854)...
[  310.548000] RtmpCleanupPsQueue (0xc01c3860)...
[  310.556000] RtmpCleanupPsQueue (0xc01c386c)...
[  310.564000] RtmpCleanupPsQueue (0xc01c3878)...
[  310.576000] uapsd> clear UAPSD queues!
[  310.620000] 
[  310.620000] uapsd> ----> UAPSD_SP_PacketCheck(555)
[  310.632000] AndesMTRxProcessEvent (seq=7)
[  310.640000] RtmpCleanupPsQueue (0xc01c3854)...
[  310.648000] RtmpCleanupPsQueue (0xc01c3860)...
[  310.660000] RtmpCleanupPsQueue (0xc01c386c)...
[  310.668000] RtmpCleanupPsQueue (0xc01c3878)...
[  310.676000] uapsd> clear UAPSD queues!
[  310.720000] 
[  310.720000] uapsd> ----> UAPSD_SP_PacketCheck(555)
[  310.736000] AndesMTRxProcessEvent (seq=8)
[  310.796000] RtmpCleanupPsQueue (0xc01c3854)...
[  310.804000] RtmpCleanupPsQueue (0xc01c3860)...
[  310.812000] RtmpCleanupPsQueue (0xc01c386c)...
[  310.820000] RtmpCleanupPsQueue (0xc01c3878)...
[  310.832000] uapsd> clear UAPSD queues!
[  310.924000] 
[  310.924000] uapsd> ----> UAPSD_SP_PacketCheck(555)
[  310.940000] AndesMTRxProcessEvent (seq=9)
[  310.976000] RtmpCleanupPsQueue (0xc01c3854)...
[  310.984000] RtmpCleanupPsQueue (0xc01c3860)...
[  310.996000] RtmpCleanupPsQueue (0xc01c386c)...
[  311.004000] RtmpCleanupPsQueue (0xc01c3878)...
[  311.012000] uapsd> clear UAPSD queues!
[  311.028000] 
[  311.028000] uapsd> ----> UAPSD_SP_PacketCheck(555)
[  311.040000] AndesMTRxProcessEvent (seq=10)
[  311.160000] RtmpCleanupPsQueue (0xc01c3854)...
[  311.172000] RtmpCleanupPsQueue (0xc01c3860)...
[  311.180000] RtmpCleanupPsQueue (0xc01c386c)...
[  311.188000] RtmpCleanupPsQueue (0xc01c3878)...
[  311.196000] uapsd> clear UAPSD queues!
[  311.232000] 
[  311.232000] uapsd> ----> UAPSD_SP_PacketCheck(555)
[  311.244000] AndesMTRxProcessEvent (seq=11)
[  311.344000] Current TP=0 < Threshold(10), turn-off TxOP
[  311.352000] RtmpCleanupPsQueue (0xc01c3854)...
[  311.360000] RtmpCleanupPsQueue (0xc01c3860)...
[  311.372000] RtmpCleanupPsQueue (0xc01c386c)...
[  311.380000] RtmpCleanupPsQueue (0xc01c3878)...
[  311.388000] uapsd> clear UAPSD queues!
[  311.396000] tbtt_tasklet: clear MCAST/BCAST TIM bit 
[  311.436000] 
[  311.436000] uapsd> ----> UAPSD_SP_PacketCheck(555)
[  311.448000] AndesMTRxProcessEvent (seq=12)
[  311.484000] RtmpCleanupPsQueue (0xc01c3854)...
[  311.492000] RtmpCleanupPsQueue (0xc01c3860)...
[  311.500000] RtmpCleanupPsQueue (0xc01c386c)...
[  311.512000] RtmpCleanupPsQueue (0xc01c3878)...
[  311.520000] uapsd> clear UAPSD queues!
[  311.528000] tbtt_tasklet: clear MCAST/BCAST TIM bit 
[  311.600000] tbtt_tasklet: clear MCAST/BCAST TIM bit 
[  311.636000] 
[  311.636000] uapsd> ----> UAPSD_SP_PacketCheck(555)
[  311.652000] AndesMTRxProcessEvent (seq=13)
[  311.660000] RtmpCleanupPsQueue (0xc01c3854)...
[  311.668000] RtmpCleanupPsQueue (0xc01c3860)...
[  311.676000] RtmpCleanupPsQueue (0xc01c386c)...
[  311.684000] RtmpCleanupPsQueue (0xc01c3878)...
[  311.692000] uapsd> clear UAPSD queues!
[  311.704000] tbtt_tasklet: clear MCAST/BCAST TIM bit 
[  311.740000] 
[  311.740000] uapsd> ----> UAPSD_SP_PacketCheck(555)
[  311.752000] AndesMTRxProcessEvent (seq=14)
[  311.760000] RtmpCleanupPsQueue (0xc01c3854)...
[  311.768000] RtmpCleanupPsQueue (0xc01c3860)...
[  311.780000] RtmpCleanupPsQueue (0xc01c386c)...
[  311.788000] RtmpCleanupPsQueue (0xc01c3878)...
[  311.796000] uapsd> clear UAPSD queues!
[  311.808000] tbtt_tasklet: clear MCAST/BCAST TIM bit 
[  311.908000] tbtt_tasklet: clear MCAST/BCAST TIM bit 
[  311.944000] 
[  311.944000] uapsd> ----> UAPSD_SP_PacketCheck(555)
[  311.956000] AndesMTRxProcessEvent (seq=15)
[  312.012000] tbtt_tasklet: clear MCAST/BCAST TIM bit 
[  312.112000] tbtt_tasklet: clear MCAST/BCAST TIM bit 
[  312.216000] tbtt_tasklet: clear MCAST/BCAST TIM bit 
[  312.316000] RtmpCleanupPsQueue (0xc01c3854)...
[  312.324000] RtmpCleanupPsQueue (0xc01c3860)...
[  312.332000] RtmpCleanupPsQueue (0xc01c386c)...
[  312.344000] RtmpCleanupPsQueue (0xc01c3878)...
[  312.352000] uapsd> clear UAPSD queues!
[  312.360000] tbtt_tasklet: clear MCAST/BCAST TIM bit 
[  312.404000] Not expected one of them is 0, TxTotalByteCnt = 0, RxTotalByteCnt = 778
[  312.552000] 
[  312.552000] uapsd> ----> UAPSD_SP_PacketCheck(555)
[  312.564000] AndesMTRxProcessEvent (seq=1)
[  312.580000] RtmpCleanupPsQueue (0xc01c3854)...
[  312.588000] RtmpCleanupPsQueue (0xc01c3860)...
[  312.600000] RtmpCleanupPsQueue (0xc01c386c)...
[  312.608000] RtmpCleanupPsQueue (0xc01c3878)...
[  312.616000] uapsd> clear UAPSD queues!
[  312.656000] 
[  312.656000] uapsd> ----> UAPSD_SP_PacketCheck(555)
[  312.668000] AndesMTRxProcessEvent (seq=2)
