[BEGIN] 2017/3/8 10:26:15
# nvram show
wl0.1_radius_port=1812
wl1_3gpplist=
wl0_realmlist=mail.example.com+0+21=2,4#5,7?cisco.com+0+21=2,4#5,7?wi-fi.org+0+21=2,4#5,7;13=5,6?example.com+0+13=5,6
0:ag1=0x0
wl_radius_port=1812
0:ag2=0xFF
0:cck2gpo=0x1100
qos_reset=0
wl1_wme=on
0:ag3=0xFF
0:rssismf2g=0x0
wan_unit=0
qos_irates=0,0,0,0,0,0,0,0,0,0
wl_ssd_type=0
wl0_wmf_bss_enable=0
wl0_rxchain_pwrsave_stas_assoc_check=0
wl0_pspretend_threshold=0
wl1_auth=0
wl0_osu_uri=https://osu-server.r2-testbed.wi-fi.org/
wan_route=
ezviz_user_id=ab7ef1c05ce6daa5
wan0_primary=1
wl0_mcast_regen_bss_enable=1
wl0_rifs_advert=auto
wl1_hwaddr=44:19:B6:98:9F:48
wl_txstreams=0
samba_mode=2
wl0_frameburst=off
wan_pppoe_keepalive=0
wl_rxchain_pwrsave_pps=10
log_ipaddr=
wl_assoc_retry_max=3
wan0_ipaddr=0.0.0.0
wl1.1_unit=1.1
boardrev=0x1301
sb/1/olpc_thresh5g=7
wl1_mimo_preamble=
wan0_proto=dhcp
wl1_wme_bss_disable=0
br0_ifnames=vlan1 eth1 eth2
sb/1/rxgains5ghtrisoa0=5
hotspot_wx_forceurl=
wl0.14_hwaddr=46:19:B6:98:9F:42
inet_gro_disable=1
sb/1/rxgains5ghtrisoa1=5
wl1_acs_fcs_mode=0
wl_netauthlist=accepttc=+httpred=https://tandc-server.wi-fi.org
wl_dwds=
wl_vht_features=-1
upgrade_code=0
txworkq=1
wl1_txstreams=0
wl1_acs_dfsr_activity=30 10240
wl_version=1.0.3
hik_z_link_timeout=0
wl1_osu_nai=
et0macaddr=44:19:B6:98:9F:40
sb/1/mcsbw205glpo=0xAA888222
sb/1/sb40and80lr5gmpo=0
switch_mode_auto=0x1f
hik_hw_mode=61457
wl0_bw_cap=3
wl0_qosmapie=35021606+8,15;0,7;255,255;16,31;32,39;255,255;40,47;255,255
wl1_wme_txp_vi=7 3 4 2 0
bootpartition=0
wan_pppoe_passwd=
wl_maxassoc=64
wl_txbf_bfr_cap=1
hik_dns=
hik_sw_btservice_enabled=0
wl0_akm=psk psk2
wl1.12_hwaddr=46:19:B6:98:9F:44
wl0.1_bss_opmode_cap_reqd=0
wl1_bss_hs2_enabled=1
boot_wait=on
watchdog=5000
devpath0=pci/1/1/
wan0_dns=
wl1_bss_opmode_cap_reqd=0
wl1_acs_ci_scan_timer=4
wl1_qosmapie=35021606+8,15;0,7;255,255;16,31;32,39;255,255;40,47;255,255
sb/1/temps_period=5
wl_phytypes=
wl_iwnettype=2
wl_rxchain_pwrsave_stas_assoc_check=0
wps_modelname=CS-X3-108
sb/1/dot11agduplrpo=0
wl0_infra=1
wl1_rifs_advert=auto
et0mdcport=0
sb/1/gainctrlsph=0
fw_disable=0
wl0_country_code=CN
wl0_hsflag=1aa0
sb/1/mcsbw805gmpo=0xAA888222
0:venid=0x14e4
emf_rtport_entry=
wl1_wme_txp_vo=7 3 4 2 0
wl1_wep=disabled
0:aa2g=0x3
wl1_frag=2346
hik_smartandwps_on=0
wl1_iwnettype=2
sb/1/pdgain5g=0
sb/1/mcsbw205ghpo=0xAA888222
wl_infra=1
vis_dcon_ipaddr=127.0.0.1
wl0_wanmetrics=1:0:0=2500>384=0>0=0
wl0_acs_boot_only=0
wl0.1_mcast_regen_bss_enable=1
wl_chanspec=0
wl1_acs_excl_chans=
wl1_acs_bgdfs_txblank_threshold=50
pmon_ver=CFE 1.0.3
wl_stbc_tx=auto
wl1_rifs=
wl0_bcn_rotate=1
wl1_pspretend_threshold=0
hik_smartcfg_on=0
wl0_osu_method=1
0:rxpo2g=0x0
0:pdetrange2g=0x3
restore_defaults=0
wl_intfer_txfail=5
wl1.1_akm=
vlan2ports=0 5
sb/1/sb20in80and160lr5glpo=0
wl_acs_dfsr_immediate=300 3
country=china
wps_success_mode=4
wan0_ifname=vlan2
wl1_wpa_gtk_rekey=0
wl0.1_key=1
wl_dfs_pref=
hik_hw_encode=0
wl1_preauth=
wl0.1_hwaddr=46:19:B6:98:9F:45
wl1_ampdu_rtylimit_tid=5 5 5 5 5 5 5 5
wl1.1_auth=0
wl0_atf=
bsd_hport=9877
wan_lease=86400
wan_pppoe_service=
wl_oplist=Wi-Fi Alliance!eng|Wi-Fi联盟!chi
wl0_wme_sta_be=15 1023 3 0 0 off off
wl1_maclist=
sb/1/swctrlmapext_2g=0x00000000,0x00000000,0x00000000,0x000000,0x000
wl_wme_apsd=on
vis_debug_level=1
wl0_version=1.0.3
wl1.1_hwaddr=46:19:B6:98:9F:49
wl1.1_radius_ipaddr=
sb/1/sromrev=11
wl_ure_disable=1
http_wanport=
wl_radius_ipaddr=
wl_acs_chan_dwell_time=70
dhcp_static=
sb/1/rxgains5gmelnagaina0=3
lan_gateway=192.168.7.1
wl0_psr_mrpt=0
wl0_taf_enable=0
wl0.7_hwaddr=46:19:B6:98:9F:4B
wl1_amsdu=auto
wl1_crypto=tkip+aes
sb/1/rxgains5gmelnagaina1=3
wl0_ifname=eth1
0:pa2gw1a0=0x1eb2
lan_domain=
lan_ipv6_prefix=2001:db8:1:0::/64
hik_smb_path=path = /tmp/media/sda2
wl1_hw_txchain=3
wl1_acs_bgdfs_ahead=1
wl1.1_macmode=deny
sb/1/rssi_delta_5gml_c0=-4,0,-5,0,-5,0
0:elna2g=0x2
0:pa2gw1a1=0x1a45
timer_interval=2
wl0_wme_sta_bk=15 1023 7 0 0 off off
wl1_psr_mrpt=0
wl1.7_hwaddr=46:19:B6:98:9F:4F
sb/1/rssi_delta_5gml_c1=-4,0,-5,0,-5,0
wl1.1_radius_key=
forward_port0=
lan1_ipaddr=192.168.77.1
sb/1/sb20in80and160lr5ghpo=0
sb/1/rssi_delta_2g_c0=4,5,4,5
wl_net_reauth=36000
igmp_enable=0
wl0_rxchain_pwrsave_quiet_time=1800
wl1_bss_maxassoc=64
sb/1/rssi_delta_2g_c1=2,3,2,3
wl_acs_dfsr_deferred=604800 5
wl0_rxstreams=0
wl0.1_wmf_bss_enable=0
gpio5=wombo_reset
wl1_wmf_ucast_upnp=0
sb/1/rpcal5gb0=52
wan_pppoe_mru=1492
wl1_corerev=30
sb/1/rpcal5gb1=57
lan_route=
wl0.1_wps_mode=disabled
wl0_radio_pwrsave_level=0
wl1_nmcsidx=-1
wps_device_pin=13332747
wl0_anonai=anonymous.com
sb/1/rpcal5gb2=77
hik_hw_ipcchans=12
hik_ipc_scan_time=1488869288
qos_inuse=9
wl0_mrate=0
wl1_rx_amsdu_in_ampdu=auto
wl1.1_infra=1
sb/1/rpcal5gb3=80
wan_gateway=0.0.0.0
hik_hd_rst_off=1
wl0_mode=ap
wl0_txbf_imp=1
wl1_acs_bgdfs_idle_frames_thld=36000
dhcp_start=192.168.7.30
wl_probresp_mf=0
wl_obss_dyn_bw=0
hik_pwr4_on_time=0-86400
qos_sta_rules=
wl0_stbc_tx=auto
wl1_nmode=-1
sb/1/sb40and80hr5gmpo=0
lan1_route=
hotspot_kickout=10800
wl0_ap_isolate=0
wl1_txbf_imp=1
sb/1/tempthresh=120
dhcp_end=192.168.7.250
wl_mrate=0
wl0_rxchain_pwrsave_pps=10
sb/1/rpcal2g=46
wl_osu_ssid=OSU
wl_ipv6addr=0
hik_wl_power=100
wl_wmf_bss_enable=0
wl_akm=
wl_wmf_mdata_sendup=0
wl1.1_wpa_psk=
wl1.1_wmf_bss_enable=0
sromrev=11
wfi_error=
wl0_gmode=1
wl0_ampdu=auto
wl0_wme_no_ack=off
wl0.15_hwaddr=46:19:B6:98:9F:43
wl1_intfer_cnt=3
samba_passwd=
hotspot_whiteurl=i.ys7,img.ys7,pic.ys7
wl0_wfi_pinmode=0
wl1_rts=2347
wl1_stbc_rx=1
wl1.1_wet_tunnel=0
boardtype=0x0780
qos_sticky=1
wl_venuelist=57692D466920416C6C69616E63650A3239383920436F7070657220526F61640A53616E746120436C6172612C2043412039353035312C2055534121656E677C57692D4669E88194E79B9FE5AE9EE9AA8CE5AEA40AE4BA8CE4B99DE585ABE4B99DE5B9B4E5BA93E69F8FE8B7AF0AE59CA3E5858BE68B89E68B892C20E58AA0E588A9E7A68FE5B0BCE4BA9A39353035312C20E7BE8EE59BBD21636869
wl0_dcs_csa_unicast=0
wl0.1_wme_bss_disable=0
is_default=1
wl_hessid=50:6F:9A:00:11:22
wl_wme_bss_disable=0
wl_ampdu_rr_rtylimit_tid=2 2 2 2 2 2 2 2
wl_obss_coex=1
wl0_acs_dfsr_immediate=300 3
wl1_ampdu_rr_rtylimit_tid=2 2 2 2 2 2 2 2
ctf_disable=1
sb/1/mcsbw405gmpo=0xAA888222
wl_gmode=1
wl_ampdu=auto
wl0_nband=2
wl0_acs_fcs_mode=0
wl1_bw_cap=1
wl1_acs_bgdfs_fallback_blocking_cac=1
stats_server=
hicore_last_start_time=0
et_swleds=1
wl0.1_ebos_enable=
wl1_venuelist=57692D466920416C6C69616E63650A3239383920436F7070657220526F61640A53616E746120436C6172612C2043412039353035312C2055534121656E677C57692D4669E88194E79B9FE5AE9EE9AA8CE5AEA40AE4BA8CE4B99DE585ABE4B99DE5B9B4E5BA93E69F8FE8B7AF0AE59CA3E5858BE68B89E68B892C20E58AA0E588A9E7A68FE5B0BCE4BA9A39353035312C20E7BE8EE59BBD21636869
wl1_txchain=3
wl1.13_hwaddr=46:19:B6:98:9F:45
wl0.1_crypto=tkip+aes
wl0_homeqlist=mail.example.com:rfc4282
lan_netmask=255.255.255.0
ssd_enable=0
lan1_ifname=br1
wl_nband=2
wl0_wme_txp_be=7 3 6 2 0
wl1_obss_coex=1
lan1_hwnames=
http_username=admin
wl_wme_sta_vi=7 15 2 6016 3008 off off
wl_acs_scan_entry_expire=3600
wl0_ssid=aa_ezviz_989f40_pp_5G
wl0_dtim=3
wl1_key=1
wl1_hsflag=1aa0
wl1_acs_scan_entry_expire=3600
wl1.1_crypto=tkip+aes
sb/1/sb20in80and160hr5glpo=0
wl_bss_hs2_enabled=1
wl_wme_ap_be=15 63 3 0 0 off off
hik_43217_rst_off=1
wl0.1_bss_hs2_enabled=0
wan0_pppoe_ifname=
wl1_rxchain_pwrsave_stas_assoc_check=0
wps_pinfail_state=
wl0_domainlist=
os_date=Feb 15 2017
sb/1/regrev=0
wl1_radio_pwrsave_level=0
wl0_venuegrp=2
http_lanport=80
wl_ipv4addr=3
wl0_wme_txp_bk=7 3 6 2 0
wl1_wfi_pinmode=0
0:rxchain=0x3
wl_plcphdr=long
wl_wme_sta_vo=3 7 2 3264 1504 off off
wl1.1_bss_enabled=0
wl0_gascbdel=0
sb/1/aga0=0
lan1_wins=
wl_macmode=deny
wl1_venuegrp=2
wl1_osu_uri=https://osu-server.r2-testbed.wi-fi.org/
sb/1/aga1=0
nvram_version=1
wan_hwname=
wan_domain=
wl_wme_ap_bk=15 1023 7 0 0 off off
wl1_wme_ap_be=15 63 3 0 0 off off
sb/1/aga2=0
lan_lease=86400
wan_netmask=0.0.0.0
wl_phytype=b
wl0_key1=
wl1_gascbdel=0
wl_osu_frndname=SP Red Test Only!eng|SP 빨강 테스트 전용!kor
wl_lazywds=0
wan0_hostname=
wl0_key2=
wl0_vlan_prio_mode=off
wl0.1_preauth=
sb/1/rpcal_phase2g=0
wl0_key3=
wl0.2_hwaddr=46:19:B6:98:9F:46
wl1_rxchain_pwrsave_pps=10
wl0.1_maclist=
wl_mcast_regen_bss_enable=1
wl_acs_bgdfs_txblank_threshold=50
wl0_key4=
wl1_radius_key=
wl0.1_dwds=0
filter_client0=
sb/1/sb20in80and160hr5ghpo=0
hik_outerbypass_off=1
wl0_acs_bgdfs_idle_interval=3600
lan1_lease=3600
sb/1/rxgains5ghelnagaina0=3
0:tempthresh=120
filter_maclist=
wl_acs_far_sta_rssi=-75
wl1_wme_ap_bk=15 1023 7 0 0 off off
wl1.2_hwaddr=46:19:B6:98:9F:4A
wl0_vifs=wl0.1
sb/1/rxgains5ghelnagaina1=3
wl_auth_mode=none
wl0_wmf_mdata_sendup=0
wl0_acs_chan_dwell_time=70
hci_mods=ehci-hcd ohci-hcd
sb/1/rxgains5gmtrelnabypa0=1
qos_orules=
wl0.8_hwaddr=46:19:B6:98:9F:4C
wl1_ifname=eth2
wl1_bcn=100
sb/1/rxgains5gmtrelnabypa1=1
sb/1/sb40and80lr5glpo=0
hik_restart_nvr=0
vlan2hwname=et0
acs_2g_ch_no_restrict=1
wl_hs2cap=1
wl1.8_hwaddr=46:19:B6:98:9F:40
wl0_bridge=
http_passwd=a12345678
wl_wpa_psk=
wl0_hw_rxchain=3
hik_hw_type=CS-X3-108
wl0_rxchain_pwrsave_enable=1
wl0_acs_dfsr_deferred=604800 5
wl1_auth_mode=none
lan_stp=0
wan_pppoe_demand=0
nat_type=sym
wl_wmf_igmpq_filter=0
wl_acs_bgdfs_ahead=1
clone_mac_addr=
wl0_wme_ap_vi=7 15 1 6016 3008 off off
wl0.1_radius_key=
wl_mode=ap
hik_sw_diskservice_enabled=0
wl0_bss_maxassoc=64
wl0_acs_bgdfs_txblank_threshold=50
wl1.1_radius_port=1812
wl1_anonai=anonymous.com
sb/1/pdoffset80ma0=0x0000
sb/1/mcsbw805glpo=0xAA888222
wan0_pppoe_passwd=
wl0_mfp=0
wl1_wmf_mdata_sendup=0
sb/1/pdoffset80ma1=0x1111
qos_ibw=1500
wl_realmlist=mail.example.com+0+21=2,4#5,7?cisco.com+0+21=2,4#5,7?wi-fi.org+0+21=2,4#5,7;13=5,6?example.com+0+13=5,6
wl_acs_bgdfs_idle_frames_thld=36000
wl0_tpc_db=
wl0_closed=0
wl0_rate=0
wl0_plcphdr=long
wl1_mcast_regen_bss_enable=1
wl1_wet_tunnel=0
wl1.1_wpa_gtk_rekey=0
xtalfreq=40000
sb/1/sb40and80lr5ghpo=0
wl_wpa_gtk_rekey=0
wps_version2=enabled
wl0_macmode=deny
wl0_assoc_retry_max=3
wl0.10_hwaddr=46:19:B6:98:9F:4E
lan_dhcp=0
wl0_radioids=BCM170
wl0_wme_ap_vo=3 7 1 3264 1504 off off
wl1_dwds=
sb/1/rxgains5ghtrelnabypa0=1
wl0_phytype=v
wl1_wfi_enable=0
wl1_realmlist=mail.example.com+0+21=2,4#5,7?cisco.com+0+21=2,4#5,7?wi-fi.org+0+21=2,4#5,7;13=5,6?example.com+0+13=5,6
sb/1/rxgains5ghtrelnabypa1=1
nvram_space=65536
wl0_lazywds=0
hik_hw_date=20161205
wl0_acs_pol_idx=4
wl1_radioids=BCM2057
wl1_concaplist=1:0:0;6:20:1;6:22:0;6:80:1;6:443:1;6:1723:0;6:5060:0;17:500:1;17:5060:0;17:4500:1;50:0:1
wl1_rxchain_pwrsave_quiet_time=1800
wl1_acs_tx_idle_cnt=0
boardflags2=0x0
dhcp_static_ipc=
wan0_pppoe_keepalive=0
wps_proc_status=2
wl0_intfer_period=1
boardflags3=0x40000182
sb/1/aa2g=0
sb/1/txchain=3
sb/1/mcsbw805ghpo=0xAA888222
wl_acs_ci_scan_timeout=300
wl1.1_taf_enable=0
wl1_version=1.0.3
wps_sta_mac=4A:19:B6:00:00:56
wl1.1_bss_maxassoc=64
lan_hwaddr=44:19:B6:98:9F:40
wl_wds_timeout=1
wl0_antdiv=-1
wl1.1_mfp=0
wl0.1_auth_mode=none
wl0.1_wet_tunnel=0
wan_dns=
wl_wps_mode=enabled
dpsta_ifnames=
wl1_acs_chan_dwell_time=70
wl1_acs_bgdfs_enab=1
wl0.1_akm=
sb/1/dot11agduphrpo=0
0:regrev=0
wan0_pppoe_ac=
wl0_acs_far_sta_rssi=-75
wl1.14_hwaddr=46:19:B6:98:9F:46
0:pa2gw0a0=0xffe5
wl_ssid=ezviz_989f40
wl_dtim=3
wl0.1_ifname=wl0.1
0:pa2gw0a1=0xfe8d
wan_pppoe_mtu=1480
lan_wps_oob=disabled
hik_pwr1_on_time=0-86400
wl0_wpa_psk=a12345678
wl0_acs_excl_chans=
wl1_frameburst=off
wait_time=3
sb/1/rssi_delta_5gmu_c0=-4,0,-5,0,-5,0
guest_down_bw=
sb/1/rssi_delta_5gmu_c1=-4,0,-5,0,-5,0
wl_trf_mgmt_rssi_policy=0
wl_acs_dfs=0
wl1.1_ifname=wl1.1
wl0_amsdu=auto
wl0_osu_icons=icon_red_zxx.png+icon_red_eng.png
dhcp_wins=wan
wl0_country_rev=264
wl1_acs_pol_idx=4
wl1_osu_servdesc=Free service for test purpose!eng|테스트 목적으로 무료 서비스!kor
os_server=
mac_clone_en=0
wl1_txbf_bfe_cap=1
br0_ifname=br0
wl1.1_ap_isolate=0
0:triso2g=0x5
wan_proto=dhcp
wl_key1=
wl_amsdu=auto
lan_wps_reg=enabled
hik_hw_decode=8
wl0_wmf_igmpq_filter=0
wl1_acs_boot_only=0
sb/1/rpcal_phase=127
wl_key2=
hik_pwr5_on_time=0-86400
wl1_acs_far_sta_rssi=-75
0:sromrev=8
wl_3gpplist=
wl_key3=
wan0_pppoe_mru=1492
wl0_unit=0
wl1_stbc_tx=auto
wl1.1_auth_mode=none
wl1.1_wme_bss_disable=0
sb/1/sb40and80hr5glpo=0
sb/1/sb20in40lrpo=0
wl_country_code=CN
wl_key4=
wan0_mtu=1480
wl_hwaddr=
wl0.3_hwaddr=46:19:B6:98:9F:47
qos_guest_rules=
wl0_bss_enabled=1
wl0_net_reauth=36000
wl1_sta_retry_time=5
wl1.1_dwds=0
sb/1/boardflags2=0x0
sb/1/mcslr5gmpo=0
wl_vlan_prio_mode=off
lan1_stp=0
sb/1/boardflags3=0x40000182
sb/1/swctrlmap_2g=0x00000808,0x30300000,0x10100000,0x000000,0x3ff
sb/1/papdcap5g=0
wl_pspretend_retry_limit=5
wl0_nmode=-1
wl0_wmf_ucast_upnp=0
wl1_pspretend_retry_limit=5
wl1.3_hwaddr=46:19:B6:98:9F:4B
sb/1/pdoffset40ma0=0x2333
wl0_rrm=0
wl0.9_hwaddr=46:19:B6:98:9F:4D
sb/1/pdoffset40ma1=0x4444
hik_sta_edited_name_num=0
wan_pppoe_idletime=60
wl_rifs_advert=auto
wl_mfp=0
hik_433_rst_on=0
wl0_acs_bgdfs_avoid_on_far_sta=1
wl1_wmf_igmpq_filter=0
wl1_acs_dfsr_immediate=300 3
sb/1/mcsbw405glpo=0xAA888222
wl1_wanmetrics=1:0:0=2500>384=0>0=0
wl1.1_bss_hs2_enabled=0
wl1_country_rev=11
wl1_vht_features=-1
wl1.9_hwaddr=46:19:B6:98:9F:41
wps_restart=0
sb/1/swctrlmapext_5g=0x00000000,0x00000000,0x00000000,0x000000,0x000
wl_nmode=-1
hik_hw_checkcode=UHOHVJ
wl1_bridge=
lan1_gateway=192.168.77.1
sb/1/sb40and80hr5ghpo=0
wl_opercls=3
wl1_bcn_rotate=1
wl1_osu_method=1
0:stbcpo=0x0
wl0_acs_dfs=0
wl_rxstreams=0
wl_wps_reg=enabled
qos_ack=1
qos_burst0=
wl_intfer_cnt=3
vis_do_remote_dcon=0
hotspot_whiteip=
wl0_wds=
wl1_txbf_bfr_cap=1
qos_burst1=
wl_ouilist=506F9A:1;001BC504BD:1
wl_rate=0
wl0_probresp_sw=1
0:itt2ga0=0x20
0:ccode=US
log_level=0
wfi_cmd=
wan0_gateway=0.0.0.0
wl1_wme_sta_be=15 1023 3 0 0 off off
wl0_oplist=Wi-Fi Alliance!eng|Wi-Fi联盟!chi
0:itt2ga1=0x20
ntp_server=183.136.184.14 202.108.6.95
hik_restart_gp=0
wl0_reg_mode=off
wl1_closed=0
wan_hwaddr=
wl_qosmapie=35021606+8,15;0,7;255,255;16,31;32,39;255,255;40,47;255,255
wps_mfstring=EZVIZ
lan_ipv6_dns=
wl_intfer_tcptxfail=5
wl1_tpc_db=
wl0_intfer_txfail=5
wl1_bss_enabled=1
sb/1/mcsbw405ghpo=0xAA888222
wl0.11_hwaddr=46:19:B6:98:9F:4F
wl1_rxstreams=0
wl1_taf_enable=0
sb/1/rssi_delta_5gl_c0=-3,0,-5,0,-5,0
lan_ifnames=vlan1 eth1 eth2 
wl1_reg_mode=off
wl1_akm=psk psk2
sb/1/rssi_delta_5gl_c1=-3,0,-5,0,-5,0
hik_wifi_mode_type=class_3
wl0_auth=0
wl0_wme=on
wl0_radius_port=1812
wl1_wme_sta_bk=15 1023 7 0 0 off off
wl_rxchain_pwrsave_quiet_time=1800
image_first_offset=2097152
wl0_rxchain=3
wl0_wme_bss_disable=0
wl0_radius_ipaddr=
wl0_ssd_type=0
wl1_radio=1
wl_radio_pwrsave_pps=10
ure_disable=1
wl0_wme_sta_vi=7 15 2 6016 3008 off off
sb/1/femctrl=15
wl_acs_cs_scan_timer=900
wl1_antdiv=-1
wl1_ssd_type=0
sb/1/boardflags=0x10000110
qos_method=0
wl1.1_wps_mode=disabled
wl0_acs_ci_scan_timeout=300
wl1_acs_dfsr_deferred=604800 5
wl_dispatch_mode=1
0:boardvendor=0x14e4
wan_pppoe_username=
wl_acs_tx_idle_cnt=0
wl0.1_taf_enable=0
wl1_probresp_sw=1
0:tssipos2g=0x1
wan_ifnames=vlan2 
vis_disable_animate=0
image_second_offset=17825792
wl1.15_hwaddr=46:19:B6:98:9F:47
wl0_opercls=3
sb/1/tempoffset=0
wl_rateset=default
wl_crypto=tkip+aes
wl1.1_ebos_enable=
wan0_hwname=
wan0_domain=
wl0_wme_sta_vo=3 7 2 3264 1504 off off
wl0_bss_hs2_enabled=1
wl0_netauthlist=accepttc=+httpred=https://tandc-server.wi-fi.org
wl_acs_chan_flop_period=70
wl1_ap_isolate=0
wl_homeqlist=mail.example.com:rfc4282
wl1.1_wme=on
wl1_atf=
wl0_wps_reg=enabled
wl1_radio_pwrsave_quiet_time=1800
wl0.1_mode=ap
wl0.1_bridge=
wl0_ouilist=506F9A:1;001BC504BD:1
0:devid=0x43a9
wl_acs_excl_chans=
bsd_primary=192.168.1.1
wl1_wme_no_ack=off
clkfreq=900,533
lan_ipaddr=192.168.7.1
os_name=linux
lan_proto=dhcp
wl_radius_key=
wl_acs_fcs_mode=0
wl1_radius_port=1812
lan1_netmask=255.255.255.0
vlan1hwname=et0
wl_rxchain_pwrsave_enable=1
wl_psr_mrpt=0
wl0_maxassoc=64
wl0_acs_bgdfs_fallback_blocking_cac=1
wl1.1_bridge=
wl1_homeqlist=mail.example.com:rfc4282
wl_unit=1.1
wan0_route=
wl1_plcphdr=long
br1_ifname=br1
wl0_hessid=50:6F:9A:00:11:22
0:extpagain2g=0x3
wl_rrm=0
wan0_pppoe_demand=0
wl0_phytypes=v
wl1_macmode=deny
wl1_maxassoc=64
wps_sta_pin=00000000
lan1_proto=static
wl0_osu_servdesc=Free service for test purpose!eng|테스트 목적으로 무료 서비스!kor
router_disable=0
wl0_wep=disabled
wl0_frag=2346
wl0.1_closed=0
hik_antarmy_proxy=0
wan0_netmask=0.0.0.0
wl0_txbf_bfe_cap=1
wl1_phytype=n
wl0.1_ap_isolate=0
wl0_venuetype=8
wl_radio_pwrsave_enable=0
hik_hd_err=0
wl0_intfer_tcptxfail=5
wl1_phytypes=n
wl1_lazywds=0
wl1.1_bss_opmode_cap_reqd=0
0:maxp2ga0=0x6e
0:temps_hysteresis=5
wl0.4_hwaddr=46:19:B6:98:9F:48
wl0_rifs=
sdram_config=0x1C7
0:maxp2ga1=0x6e
wl1_wme_txp_be=7 3 4 2 0
wl1.1_closed=0
sb/1/fdss_level_2g=0,0
wl_radio_pwrsave_stas_assoc_check=0
hik_down_bw_net=0
wl1_netauthlist=accepttc=+httpred=https://tandc-server.wi-fi.org
vlan1ports=1 2 3 4 5*
sb/1/temps_hysteresis=5
dmz_ipaddr=
wan0_wins=
wl0_chanspec=0
wl1.4_hwaddr=46:19:B6:98:9F:4C
wl_wds=
wl_txbf_imp=1
wl_txq_thresh=1024
wl1_trf_mgmt_rssi_policy=0
wps_pinfail=0
wl0.1_radius_ipaddr=
wl1_domainlist=
sb/1/pa5ga0=-226,6538,-819,-259,5516,-733,-269,4836,-656,-214,6597,-825
wl_acs_dfsr_activity=30 10240
sb/1/pa5ga1=-213,6984,-868,-229,6418,-814,-230,6666,-825,-211,6864,-859
wl1_chanspec=0
wl1.1_preauth=
wl_wet_tunnel=0
wl_wmf_ucast_upnp=0
hik_lnabypass_off=1
hik_connect_das_status=0
wl1_wme_txp_bk=7 3 4 2 0
wl0_dfs_pref=
wl1_mode=ap
wl1_acs_ci_scan_timeout=300
wl0.1_ssid=ezviz_guest_989f40
hik_hicore_restart=0
wl0_rateset=default
wl0_ampdu_rr_rtylimit_tid=2 2 2 2 2 2 2 2
wl1_rxchain_pwrsave_enable=1
wl1.1_maclist=
hs2_debug_level=1
wl_bw_cap=1
wl0_acs_bgdfs_ahead=1
wl1.1_wep=disabled
sb/1/macaddr=44:19:B6:98:9F:44
sb/1/mcsbw1605gmpo=0
0:boardflags=0x80001200
wl_wfi_enable=0
wl0_wme_apsd=on
wl1_wpa_psk=a12345678
wl1_intfer_tcptxfail=5
wl1_dfs_pref=
sb/1/olpc_thresh2g=7
sb/1/ccode=US
wl_wfi_pinmode=0
wl_acs_ci_scan_timer=4
hik_pwr2_on_time=0-86400
wl0_wme_txp_vi=7 3 6 2 0
wl0_ure_disable=1
wl0_vht_features=-1
wl_wme=auto
wl0_txstreams=0
wl1_acs_bgdfs_idle_interval=3600
wl0.1_radio=1
0:opo=0x0
wl_concaplist=1:0:0;6:20:1;6:22:0;6:80:1;6:443:1;6:1723:0;6:5060:0;17:500:1;17:5060:0;17:4500:1;50:0:1
wl1_wme_apsd=on
wl0.1_mfp=0
sb/1/maxp5ga0=0x5C,0x5C,0x5C,0x5C
0:tempoffset=0
lan_ifname=br0
wan_primary=0
wl_wme_ap_vi=7 15 1 6016 3008 off off
dpsta_lan_uif=1
wl_acs_boot_only=0
wl1_oplist=Wi-Fi Alliance!eng|Wi-Fi联盟!chi
wl0_mimo_preamble=
boardflags=0x10000110
sb/1/maxp5ga1=0x5C,0x5C,0x5C,0x5C
lan_ipv6_6to4id=0
wl1.1_acs_dfsr_immediate=300 3
sdram_refresh=0x56
wandevs=vlan2
0:antswitch=0x0
wl_hsflag=1aa0
wan0_pppoe_mtu=1480
wl0_txbf_bfr_cap=1
wl0_acs_scan_entry_expire=3600
wl0.1_key1=
sb/1/paparambwver=3
0:bwduppo=0x0
qos_icmp=0
dhcp_domain=wan
hik_dns_name=dalu.ys7.com
wl0_wme_txp_vo=7 3 6 2 0
wl0.1_key2=
wl0.1_bss_maxassoc=64
0:txchain=0x3
0:phycal_tempdelta=0
wl_auth=0
frameburst_dyn=0
et_txq_thresh=3300
wl0.12_hwaddr=46:19:B6:98:9F:40
wl1_dcs_csa_unicast=0
wl1_acs_bgdfs_avoid_on_far_sta=1
wl0.1_key3=
0:ofdm2gpo=0x88743322
sdram_ncdl=0x00000000
hik_pwr6_on_time=0-86400
wl0.1_key4=
lan1_domain=
wl_wme_ap_vo=3 7 1 3264 1504 off off
wl0_acs_bgdfs_enab=1
wl1_wme_ap_vi=7 15 1 6016 3008 off off
wl_osu_nai=
wl1_wmf_bss_enable=0
wl0_hs2cap=1
sb/1/phycal_tempdelta=15
ezc_enable=1
wl_frameburst=off
wl_bss_maxassoc=64
wl1_hw_rxchain=3
wl1.1_net_reauth=36000
wl0_nmode_protection=
wan0_lease=86400
wl0_radio_pwrsave_pps=10
wl0_radio_pwrsave_stas_assoc_check=0
wl0_probresp_mf=0
wl0_obss_dyn_bw=0
wl1_ssid=aa_ezviz_989f40_pp
wl1_dtim=3
wl0_iwnettype=2
is_modified=0
qos_enable=0
wl0_acs_cs_scan_timer=900
wl1_intfer_period=1
wl1.10_hwaddr=46:19:B6:98:9F:42
wl1_osu_frndname=SP Red Test Only!eng|SP 빨강 테스트 전용!kor
sb/1/mcslr5glpo=0
wan_ipaddr=0.0.0.0
wl_venuegrp=2
lan_ipv6_mode=3
wl1_ure_disable=1
wl1_wme_ap_vo=3 7 1 3264 1504 off off
wl0_ipv6addr=0
wl0_osu_ssid=OSU
sb/1/subband5gver=4
wl_gascbdel=0
wl1.1_mcast_regen_bss_enable=1
wl0_rts=2347
sb/1/aa5g=3
wl1_ipv6addr=0
wl1_osu_ssid=OSU
sb/1/devid=0x43b6
0:mcs2gpo0=0x4433
lan1_dhcp=0
wan_wins=
wl_ifname=
0:boardflags2=0x1800
0:mcs2gpo1=0x9985
wl_wep=disabled
wl_ampdu_rtylimit_tid=5 5 5 5 5 5 5 5
hspotap_enable=0
hik_reg_civil_status=0
wl0_trf_mgmt_rssi_policy=0
sb/1/tworangetssi5g=0
0:mcs2gpo2=0x4433
hik_pwr_apply_which=0
wl0_hw_txchain=3
wl1_nmode_protection=
wl1_key1=
0:mcs2gpo3=0x9985
os_version=9.10.178.50
wl1_key2=
wl1_acs_dfs=0
wl1.1_mode=ap
0:mcs2gpo4=0x4433
wl_gmode_protection=auto
hik_hw_sncode=688767185
wl1_key3=
wl0_ebos_enable=
0:tri2g=0x0
0:mcs2gpo5=0x9985
lan1_wps_oob=disabled
wl0_wpa_gtk_rekey=0
wl1_key4=
sb/1/mcslr5ghpo=0
0:mcs2gpo6=0x4433
wl0_sta_retry_time=5
0:mcs2gpo7=0x9985
wl_osu_icons=icon_red_zxx.png+icon_red_eng.png
wl_frag=2346
hik_guide_step=0
wan0_desc=Default Connection
wl1_vifs=wl1.1
wl0.1_macmode=deny
wl1_hessid=50:6F:9A:00:11:22
wl0_wmf_psta_disable=
sb/1/sb20in40hrpo=0
wan_mtu=1480
wl_rx_amsdu_in_ampdu=auto
wl0_key=1
wl1_probresp_mf=0
wl1_obss_dyn_bw=0
hik_cfg_sys_time=2016:12:15:14:46:47
qos_obw=384
wl_anonai=anonymous.com
0:cddpo=0x0
filter_macmode=deny
wl_maclist=
emf_entry=
hotspot_timeout=600
wl0_osu_nai=
sb/1/mcsbw205gmpo=0xAA888222
0:rssismc2g=0x0
wl_wanmetrics=1:0:0=2500>384=0>0=0
hotspot_enable=0
wl1_infra=1
wl1_osu_icons=icon_red_zxx.png+icon_red_eng.png
et0phyaddr=30
console_loglevel=1
time_zone=CST-8
qos_ip_rules=
wl_bcn_rotate=1
lan1_wps_reg=enabled
wl0.5_hwaddr=46:19:B6:98:9F:49
wl0.1_acs_dfsr_immediate=300 3
wl0_ipv4addr=3
sb/1/epagain5g=3
sb/1/rxgains5gtrelnabypa0=1
qos_default=3
wl_osu_method=1
wl_bss_opmode_cap_reqd=0
wl_wps_config_state=0
wl1_rxchain=3
acs_ifnames=eth1 eth2
sb/1/rxgains5gtrisoa0=5
sb/1/rxgains5gtrelnabypa1=1
wl1_acs_chan_flop_period=70
sb/1/rxgains5gtrisoa1=5
wl0_acs_dfsr_activity=30 10240
wl1_mfp=0
wl1.5_hwaddr=46:19:B6:98:9F:4D
wl1_ipv4addr=3
wan_ifname=vlan2
wan0_pppoe_idletime=60
wan0_pppoe_service=
wl0_intfer_cnt=3
sb/1/pa5gbw4080a0=-203,6844,-846,-207,6692,-825,-200,6596,-818,-194,6306,-786
0:rssisav2g=0x0
wl_wme_sta_be=15 1023 3 0 0 off off
wl1_wmf_psta_disable=
wan0_ipv6_prefix=2001:db0:1:0::/64
sb/1/pa5gbw4080a1=-211,6865,-855,-221,6582,-828,-191,6755,-818,-199,6276,-789
wl_radioids=
wl_wmf_ucigmp_query=0
wan0_hwaddr=
landevs=vlan1 wl0 wl1
sb/1/vcotune=1
wan_hostname=
wl1_ebos_enable=
wl1_rate=0
wl1.1_key=1
wl1.1_ssid=ezviz_guest_989f40
dhcp1_start=192.168.77.50
wl_corerev=
wl_nmcsidx=-1
wl_taf_enable=0
wl0_radio=1
wl0.1_wpa_psk=
sb/1/swctrlmap_5g=0x00000101,0x06060000,0x02020000,0x000000,0x3ff
wl_acs_pol_idx=4
hik_up_bw_net=0
wl0_acs_ci_scan_timer=4
wl1_opercls=3
wl_wme_sta_bk=15 1023 7 0 0 off off
wl_pspretend_threshold=0
wl0_bcn=100
wl1_assoc_retry_max=3
wl1_wps_reg=enabled
et_dispatch_mode=0
wl_radio=1
wl0_hwaddr=44:19:B6:98:9F:44
wl1_radio_pwrsave_enable=0
wl1_ouilist=506F9A:1;001BC504BD:1
sb/1/sb20in80and160lr5gmpo=0
wps_wer_mode=allow
wl1_net_reauth=36000
sb/1/rssi_delta_5gh_c0=-4,0,-6,0,-5,0
qos_orates=80-100,10-100,5-100,3-100,2-95,0-0,0-0,0-0,0-0,0-0
bsd_pport=9878
wl0_ampdu_rtylimit_tid=5 5 5 5 5 5 5 5
wl0.1_unit=0.1
wl0_preauth=
sb/1/rssi_delta_5gh_c1=-4,0,-6,0,-5,0
ezc_version=2
emf_enable=0
bsd_role=0
wl1.1_key1=
wl_stbc_rx=1
wl_acs_bgdfs_avoid_on_far_sta=1
wl0_gmode_protection=auto
wl0.13_hwaddr=46:19:B6:98:9F:41
wl1.1_key2=
wl0.1_wpa_gtk_rekey=0
wl0_venuelist=57692D466920416C6C69616E63650A3239383920436F7070657220526F61640A53616E746120436C6172612C2043412039353035312C2055534121656E677C57692D4669E88194E79B9FE5AE9EE9AA8CE5AEA40AE4BA8CE4B99DE585ABE4B99DE5B9B4E5BA93E69F8FE8B7AF0AE59CA3E5858BE68B89E68B892C20E58AA0E588A9E7A68FE5B0BCE4BA9A39353035312C20E7BE8EE59BBD21636869
wl0_maclist=
wl1_intfer_txfail=5
wl1.1_key3=
wl_radio_pwrsave_quiet_time=1800
wl0_obss_coex=1
wl1.1_key4=
wl0.1_wme=on
sb/1/tssiposslope5g=1
sdram_init=0x0000
wl_rts=2347
wl_acs_bgdfs_idle_interval=3600
wl1_hs2cap=1
sb/1/rxgains5gmtrisoa0=5
0:pa2gw2a0=0xfc20
0:bw40po=0x0
lan_wins=
wan_desc=
wl_ap_isolate=0
wl0_dwds=
sb/1/AvVmid_c0=2,135,2,135,2,135,2,135,2,135
sb/1/rxgains5gmtrisoa1=5
0:pa2gw2a1=0xf9fe
lan_hwnames=
wps_modelnum=CS-X3-108
wl_dcs_csa_unicast=0
wl_acs_bgdfs_enab=1
guest_up_bw=
lan1_ifnames=wl0.1 wl0.2 wl0.3 wl1.1 wl1.2 wl1.3
sb/1/AvVmid_c1=2,145,2,145,2,145,2,145,2,145
wl_country_rev=264
wl0_acs_tx_idle_cnt=0
wl1_mrate=0
wl1_radius_ipaddr=
wl1.11_hwaddr=46:19:B6:98:9F:43
dhcp1_end=192.168.77.250
sb/1/rxgains5gelnagaina0=3
wl_wme_no_ack=off
wl1_country_code=AU
wl0.1_net_reauth=36000
sb/1/rxgains5gelnagaina1=3
proc_flags=NOTST
wan0_pppoe_username=
wan0_unit=0
wl0_radius_key=
wl0_wps_config_state=0
wl1_gmode_protection=auto
sb/1/pdoffset5gsubbanda0=0x4444
wl0_wme_ap_be=15 63 3 0 0 off off
wl0_osu_frndname=SP Red Test Only!eng|SP 빨강 테스트 전용!kor
sb/1/pdoffset5gsubbanda1=0x4444
wan0_ifnames=vlan2 
wl0_corerev=56
wl0_nmcsidx=-1
wl0_pspretend_retry_limit=5
0:xtalfreq=20000
wl_key=1
bsd_helper=192.168.1.2
wl0_acs_chan_flop_period=70
wl1_rateset=default
hik_hd_formatting=0
upgrade_percent=0
wl1_gmode=1
wl1_ampdu=auto
wl0.1_sta_retry_time=5
wl0.1_infra=1
wps_device_name=CS-X3-108
wps_aplockdown=0
wl0_wds_timeout=1
wl1_unit=1
wl0.1_bss_enabled=0
sb/1/mcsbw1605glpo=0
hik_pwr3_on_time=0-86400
wl0_wmf_ucigmp_query=0
upnp_enable=1
dlna_dms_enable=0
wl_bss_enabled=1
wl0_wps_mode=enabled
wl0_wme_ap_bk=15 1023 7 0 0 off off
wl1.1_radio=1
wl_osu_uri=https://osu-server.r2-testbed.wi-fi.org/
wps_config_method=0x2688
wan_pppoe_ac=
wan_ipv6_prefix=2001:db0:1:0::/64
wl1_nband=2
wps_sta_devname= 
emf_uffp_entry=
wl0_rx_amsdu_in_ampdu=auto
wl1_wps_mode=enabled
wl1_wps_config_state=0
wl1_wme_sta_vi=7 15 2 6016 3008 off off
wl1_rrm=0
hik_interference=4
wl0_stbc_rx=1
wl0.1_auth=0
wl_domainlist=
wl0_radio_pwrsave_quiet_time=1800
wl1_radio_pwrsave_pps=10
wl0.1_wep=disabled
sb/1/rxchain=3
wl_sta_retry_time=5
sb/1/rpcal_phase5gb0=352
0:bxa2g=0x0
wl_closed=0
wl_acs_bgdfs_fallback_blocking_cac=1
wl0_auth_mode=none
wl1_acs_cs_scan_timer=900
wl1.1_sta_retry_time=5
sb/1/rpcal_phase5gb1=354
hik_pwr7_on_time=0-86400
hotspot_authurl=http://i.ys7.com/mixWeb/wPortal/index.jsp
wl0_radio_pwrsave_enable=0
wl0_wet_tunnel=0
wl0_acs_bgdfs_idle_frames_thld=36000
sb/1/rpcal_phase5gb2=358
autofw_port0=
wl_intfer_period=1
wl0.6_hwaddr=46:19:B6:98:9F:4A
wl1_wme_sta_vo=3 7 2 3264 1504 off off
wl1_wmf_ucigmp_query=0
boardnum=SN
sb/1/rpcal_phase5gb3=5
sb/1/mcsbw1605ghpo=0
wl_venuetype=8
wl0_crypto=tkip+aes
sb/1/antswitch=0
0:temps_period=5
wan_pppoe_ifname=
wl_probresp_sw=1
hik_restrict_macs_ext=[]
wl0_txchain=3
wl0_bss_opmode_cap_reqd=0
wl0_wfi_enable=0
wl1_wds=
0:macaddr=44:19:B6:98:9F:48
wl_bcn=100
hik_kick_bad_apple_switch=0
wl1_vlan_prio_mode=off
wl1.6_hwaddr=46:19:B6:98:9F:4E
wl_reg_mode=off
hik_cfg_sys_time_type=ntp
wl1_wds_timeout=1
wl0_concaplist=1:0:0;6:20:1;6:22:0;6:80:1;6:443:1;6:1723:0;6:5060:0;17:500:1;17:5060:0;17:4500:1;50:0:1
wl1_venuetype=8
wl0_3gpplist=
0:antswctl2g=0x0
wl_osu_servdesc=Free service for test purpose!eng|테스트 목적으로 무료 서비스!kor
sb/1/sb20in80and160hr5gmpo=0
dpsta_policy=1
wl_txbf_bfe_cap=1
hik_access_enable=1
sb/1/fdss_level_5g=0,0
0:ag0=0x0
wl_radio_pwrsave_level=0
wl_antdiv=-1
wl1_radio_pwrsave_stas_assoc_check=0
size: 26881 bytes (38655 left)
# 
[END] 2017/3/8 10:26:30
