rxrate 65%
rx-22066 166338	8pkt/per int
tx-22383 256398

控制发包速率22%
rxrate 100%
rx-19138 26248	 1.5pkts/per int
tx-19053 26248
CPU0的sirq 15%，cpu1的整体利用率8%，sirq4%


[BEGIN] 2014/3/18 星期二 11:14:39
 51:   18170572    8394267     115514         17   PCI-MSI-edge      eth2-rx-0
 52:    7151842      57032      72626      11651   PCI-MSI-edge      eth2-tx-0
 53:    1986455   16922761        575    2584736   PCI-MSI-edge      eth2
 54:     129871         35      39969    6735392   PCI-MSI-edge      eth3-rx-0
 55:       1695   19336416       2116    8420666   PCI-MSI-edge      eth3-tx-0
 56:       1240      72514      57427    2567478   PCI-MSI-edge      eth3
NMI:          0          0          0          0   Non-maskable interrupts
LOC:     359110     285738     224804     289661   Local timer interrupts
 50: 004caa7c 9822500c 00000000 00000000 00000000 00000000 00000000 00000000
108: 00000000 00000000 0031cb80 62cfd3fc 00000000 00000000 00000000 00000000
128: 00000000
200: 00000000 00000000 00000000 00000000 00000000 00000000 00000000 00000000
220: 00000000 00000000 00000000 00000000 00000000 00000000 00000000 00000000
 51:   18192638    8394267     115514         17   PCI-MSI-edge      eth2-rx-0
 52:    7151842      57032      72626      11651   PCI-MSI-edge      eth2-tx-0
 53:    1986455   16944955        575    2584736   PCI-MSI-edge      eth2
 54:     129871         35      39969    6735393   PCI-MSI-edge      eth3-rx-0
 55:       1695   19358799       2116    8420666   PCI-MSI-edge      eth3-tx-0
 56:       1240      72514      57427    2567478   PCI-MSI-edge      eth3
NMI:          0          0          0          0   Non-maskable interrupts
LOC:     359391     285958     224985     289869   Local timer interrupts
 50: 0050940a 9fe5c3d8 00000000 00000000 00000000 00000000 00000000 00000000
108: 00000000 00000000 00345542 67d930f4 00000000 00000000 00000000 00000000
128: 00000000
200: 00000000 00000000 00000000 00000000 00000000 00000000 00000000 00000000
220: 00000000 00000000 00000000 00000000 00000000 00000000 00000000 00000000
 51:   18214252    8394267     115514         17   PCI-MSI-edge      eth2-rx-0
 52:    7151842      57032      72626      11651   PCI-MSI-edge      eth2-tx-0
 53:    1986455   16966661        575    2584736   PCI-MSI-edge      eth2
 54:     129871         35      39969    6735393   PCI-MSI-edge      eth3-rx-0
 55:       1695   19380668       2116    8420666   PCI-MSI-edge      eth3-tx-0
 56:       1240      72514      57427    2567478   PCI-MSI-edge      eth3
NMI:          0          0          0          0   Non-maskable interrupts
LOC:     359665     286190     225146     290086   Local timer interrupts
 50: 0054846a a7b6c454 00000000 00000000 00000000 00000000 00000000 00000000
108: 00000000 00000000 0036e651 6cf10ab8 00000000 00000000 00000000 00000000
128: 00000000
200: 00000000 00000000 00000000 00000000 00000000 00000000 00000000 00000000
220: 00000000 00000000 00000000 00000000 00000000 00000000 00000000 00000000
 51:   18235929    8394267     115514         17   PCI-MSI-edge      eth2-rx-0
 52:    7151842      57032      72626      11651   PCI-MSI-edge      eth2-tx-0
 53:    1986455   16988410        575    2584736   PCI-MSI-edge      eth2
 54:     129871         35      39969    6735394   PCI-MSI-edge      eth3-rx-0
 55:       1695   19402577       2116    8420666   PCI-MSI-edge      eth3-tx-0
 56:       1240      72514      57427    2567478   PCI-MSI-edge      eth3
NMI:          0          0          0          0   Non-maskable interrupts
LOC:     359939     286396     225314     290288   Local timer interrupts
 50: 005875e1 af89ec78 00000000 00000000 00000000 00000000 00000000 00000000
108: 00000000 00000000 00397a17 720e45a4 00000000 00000000 00000000 00000000
128: 00000000
200: 00000000 00000000 00000000 00000000 00000000 00000000 00000000 00000000
220: 00000000 00000000 00000000 00000000 00000000 00000000 00000000 00000000
 51:   18257460    8394267     115514         17   PCI-MSI-edge      eth2-rx-0
 52:    7151842      57032      72626      11651   PCI-MSI-edge      eth2-tx-0
 53:    1986455   17010160        575    2584736   PCI-MSI-edge      eth2
 54:     129871         35      39969    6735394   PCI-MSI-edge      eth3-rx-0
 55:       1695   19424486       2116    8420666   PCI-MSI-edge      eth3-tx-0
 56:       1240      72514      57427    2567478   PCI-MSI-edge      eth3
NMI:          0          0          0          0   Non-maskable interrupts
LOC:     360214     286597     225497     290487   Local timer interrupts
 50: 005c6ff7 b76e2e24 00000000 00000000 00000000 00000000 00000000 00000000
108: 00000000 00000000 003bff8e 770f1dc8 00000000 00000000 00000000 00000000
128: 00000000
200: 00000000 00000000 00000000 00000000 00000000 00000000 00000000 00000000
220: 00000000 00000000 00000000 00000000 00000000 00000000 00000000 00000000
 51:   18279316    8394267     115514         17   PCI-MSI-edge      eth2-rx-0
 52:    7151842      57032      72626      11651   PCI-MSI-edge      eth2-tx-0
 53:    1986455   17032286        575    2584736   PCI-MSI-edge      eth2
 54:     129871         35      39969    6735395   PCI-MSI-edge      eth3-rx-0
 55:       1695   19446789       2116    8420666   PCI-MSI-edge      eth3-tx-0
 56:       1240      72514      57427    2567478   PCI-MSI-edge      eth3
NMI:          0          0          0          0   Non-maskable interrupts
LOC:     360494     286809     225689     290694   Local timer interrupts
 50: 0060bab8 bff2871c 00000000 00000000 00000000 00000000 00000000 00000000
108: 00000000 00000000 003eb86c 7c75f650 00000000 00000000 00000000 00000000
128: 00000000
200: 00000000 00000000 00000000 00000000 00000000 00000000 00000000 00000000
220: 00000000 00000000 00000000 00000000 00000000 00000000 00000000 00000000
 51:   18302388    8394267     115514         17   PCI-MSI-edge      eth2-rx-0
 52:    7151842      57032      72626      11651   PCI-MSI-edge      eth2-tx-0
 53:    1986455   17055583        575    2584736   PCI-MSI-edge      eth2
 54:     129871         35      39969    6735395   PCI-MSI-edge      eth3-rx-0
 55:       1695   19470280       2116    8420666   PCI-MSI-edge      eth3-tx-0
 56:       1240      72514      57427    2567478   PCI-MSI-edge      eth3
NMI:          0          0          0          0   Non-maskable interrupts
LOC:     360788     287054     225924     290920   Local timer interrupts
 50: 0064aa06 c7c165e4 00000000 00000000 00000000 00000000 00000000 00000000
108: 00000000 00000000 004139e2 816edc78 00000000 00000000 00000000 00000000
128: 00000000
200: 00000000 00000000 00000000 00000000 00000000 00000000 00000000 00000000
220: 00000000 00000000 00000000 00000000 00000000 00000000 00000000 00000000
 51:   18323858    8394267     115514         17   PCI-MSI-edge      eth2-rx-0
 52:    7151842      57032      72626      11651   PCI-MSI-edge      eth2-tx-0
 53:    1986455   17077271        575    2584736   PCI-MSI-edge      eth2
 54:     129871         35      39969    6735396   PCI-MSI-edge      eth3-rx-0
 55:       1695   19492135       2116    8420666   PCI-MSI-edge      eth3-tx-0
 56:       1240      72514      57427    2567478   PCI-MSI-edge      eth3
NMI:          0          0          0          0   Non-maskable interrupts
LOC:     361062     287265     226129     291115   Local timer interrupts
 50: 00689aec cf936c50 00000000 00000000 00000000 00000000 00000000 00000000
108: 00000000 00000000 0043be44 866d8ef0 00000000 00000000 00000000 00000000
128: 00000000
200: 00000000 00000000 00000000 00000000 00000000 00000000 00000000 00000000
220: 00000000 00000000 00000000 00000000 00000000 00000000 00000000 00000000
 51:   18345471    8394267     115514         17   PCI-MSI-edge      eth2-rx-0
 52:    7151842      57032      72626      11651   PCI-MSI-edge      eth2-tx-0
 53:    1986455   17098959        575    2584736   PCI-MSI-edge      eth2
 54:     129871         35      39969    6735396   PCI-MSI-edge      eth3-rx-0
 55:       1695   19513986       2116    8420666   PCI-MSI-edge      eth3-tx-0
 56:       1240      72514      57427    2567478   PCI-MSI-edge      eth3
NMI:          0          0          0          0   Non-maskable interrupts
LOC:     361336     287468     226305     291320   Local timer interrupts
 50: 006c8917 d7600ba0 00000000 00000000 00000000 00000000 00000000 00000000
108: 00000000 00000000 00465111 8b88ddbc 00000000 00000000 00000000 00000000
128: 00000000
200: 00000000 00000000 00000000 00000000 00000000 00000000 00000000 00000000
220: 00000000 00000000 00000000 00000000 00000000 00000000 00000000 00000000
 51:   18367382    8394267     115514         17   PCI-MSI-edge      eth2-rx-0
 52:    7151842      57032      72626      11651   PCI-MSI-edge      eth2-tx-0
 53:    1986455   17121219        575    2584736   PCI-MSI-edge      eth2
 54:     129871         35      39969    6735397   PCI-MSI-edge      eth3-rx-0
 55:       1695   19536413       2116    8420666   PCI-MSI-edge      eth3-tx-0
 56:       1240      72514      57427    2567478   PCI-MSI-edge      eth3
NMI:          0          0          0          0   Non-maskable interrupts
LOC:     361618     287653     226514     291502   Local timer interrupts
 50: 007096bf df6b2500 00000000 00000000 00000000 00000000 00000000 00000000
108: 00000000 00000000 0048d2ee 90829244 00000000 00000000 00000000 00000000
128: 00000000
200: 00000000 00000000 00000000 00000000 00000000 00000000 00000000 00000000
220: 00000000 00000000 00000000 00000000 00000000 00000000 00000000 00000000
 51:   18388966    8394267     115514         17   PCI-MSI-edge      eth2-rx-0
 52:    7151842      57032      72626      11651   PCI-MSI-edge      eth2-tx-0
 53:    1986455   17142977        575    2584736   PCI-MSI-edge      eth2
 54:     129871         35      39969    6735398   PCI-MSI-edge      eth3-rx-0
 55:       1695   19558347       2116    8420666   PCI-MSI-edge      eth3-tx-0
 56:       1240      72514      57427    2567478   PCI-MSI-edge      eth3
NMI:          0          0          0          0   Non-maskable interrupts
LOC:     361893     287865     226723     291698   Local timer interrupts
 50: 00748967 e740aa60 00000000 00000000 00000000 00000000 00000000 00000000
108: 00000000 00000000 004b5af0 95887440 00000000 00000000 00000000 00000000

[END] 2014/3/18 星期二 11:15:00
