eth2收包 cpu亲和在cpu0 桥转 eth3发包 cpu亲和在cpu1
rxrate 17%
rx-19796 158418	8pks/per int
tx-21711 923454
cpu利用率，cpu0的sirq100%，cpu1的整体利用率3%~15%区间跳动


控制发包速率7%
rxrate 100%
rx-17772 26735	 1.5pkts/per int
tx-17659 26737
CPU0的sirq 25%，cpu1的整体利用率10%，sirq5%

远端，eth2-cpu0 eth3-cpu3
rxrate 16%
rx-18077 153741 8pks/per int
tx-20115 910575
cpu利用率，cpu0的sirq100%，cpu1的整体利用率3%~15%区间跳动

[BEGIN] 2014/3/18 星期二 11:09:21
 51:   13173258    8394267     115514         17   PCI-MSI-edge      eth2-rx-0
 52:    7151842      57032      72626      11651   PCI-MSI-edge      eth2-tx-0
 53:    1986455   11601044        575    2584736   PCI-MSI-edge      eth2
 54:     129871         35      39969    6735235   PCI-MSI-edge      eth3-rx-0
 55:       1695   14014153       2116    8420666   PCI-MSI-edge      eth3-tx-0
 56:       1240      72514      57427    2567478   PCI-MSI-edge      eth3
NMI:          0          0          0          0   Non-maskable interrupts
LOC:     289917     242486     194501     247427   Local timer interrupts
 50: 012d6a69 91ff8ccc 00000000 00000000 00000000 00000000 00000000 00000000
108: 00000000 00000000 003374bf 18ec8d00 00000000 00000000 00000000 00000000
128: 00000000
200: 00000000 00000000 00000000 00000000 00000000 00000000 00000000 00000000
220: 00000000 00000000 00000000 00000000 00000000 00000000 00000000 00000000
 51:   13193054    8394267     115514         17   PCI-MSI-edge      eth2-rx-0
 52:    7151842      57032      72626      11651   PCI-MSI-edge      eth2-tx-0
 53:    1986455   11622790        575    2584736   PCI-MSI-edge      eth2
 54:     129871         35      39969    6735236   PCI-MSI-edge      eth3-rx-0
 55:       1695   14035864       2116    8420666   PCI-MSI-edge      eth3-tx-0
 56:       1240      72514      57427    2567478   PCI-MSI-edge      eth3
NMI:          0          0          0          0   Non-maskable interrupts
LOC:     290188     242691     194630     247619   Local timer interrupts
 50: 013b81a7 98d2ce58 00000000 00000000 00000000 00000000 00000000 00000000
108: 00000000 00000000 0035df91 1a184a3c 00000000 00000000 00000000 00000000
128: 00000000
200: 00000000 00000000 00000000 00000000 00000000 00000000 00000000 00000000
220: 00000000 00000000 00000000 00000000 00000000 00000000 00000000 00000000
 51:   13212868    8394267     115514         17   PCI-MSI-edge      eth2-rx-0
 52:    7151842      57032      72626      11651   PCI-MSI-edge      eth2-tx-0
 53:    1986455   11644549        575    2584736   PCI-MSI-edge      eth2
 54:     129871         35      39969    6735236   PCI-MSI-edge      eth3-rx-0
 55:       1695   14057585       2116    8420666   PCI-MSI-edge      eth3-tx-0
 56:       1240      72514      57427    2567478   PCI-MSI-edge      eth3
NMI:          0          0          0          0   Non-maskable interrupts
LOC:     290460     242885     194760     247825   Local timer interrupts
 50: 0149be5d 9fb83680 00000000 00000000 00000000 00000000 00000000 00000000
108: 00000000 00000000 00385176 1b4775a4 00000000 00000000 00000000 00000000
128: 00000000
200: 00000000 00000000 00000000 00000000 00000000 00000000 00000000 00000000
220: 00000000 00000000 00000000 00000000 00000000 00000000 00000000 00000000
 51:   13233132    8394267     115514         17   PCI-MSI-edge      eth2-rx-0
 52:    7151842      57032      72626      11651   PCI-MSI-edge      eth2-tx-0
 53:    1986455   11667198        575    2584736   PCI-MSI-edge      eth2
 54:     129871         35      39969    6735237   PCI-MSI-edge      eth3-rx-0
 55:       1695   14080194       2116    8420666   PCI-MSI-edge      eth3-tx-0
 56:       1240      72514      57427    2567478   PCI-MSI-edge      eth3
NMI:          0          0          0          0   Non-maskable interrupts
LOC:     290743     243103     194908     248038   Local timer interrupts
 50: 0158ae23 a6f45a68 00000000 00000000 00000000 00000000 00000000 00000000
108: 00000000 00000000 003ad3f5 1c7eaaac 00000000 00000000 00000000 00000000
128: 00000000
200: 00000000 00000000 00000000 00000000 00000000 00000000 00000000 00000000
220: 00000000 00000000 00000000 00000000 00000000 00000000 00000000 00000000
 51:   13253354    8394267     115514         17   PCI-MSI-edge      eth2-rx-0
 52:    7151842      57032      72626      11651   PCI-MSI-edge      eth2-tx-0
 53:    1986455   11689559        575    2584736   PCI-MSI-edge      eth2
 54:     129871         35      39969    6735237   PCI-MSI-edge      eth3-rx-0
 55:       1695   14102519       2116    8420666   PCI-MSI-edge      eth3-tx-0
 56:       1240      72514      57427    2567478   PCI-MSI-edge      eth3
NMI:          0          0          0          0   Non-maskable interrupts
LOC:     291022     243329     195042     248251   Local timer interrupts
 50: 0166c4f2 adc76630 00000000 00000000 00000000 00000000 00000000 00000000
108: 00000000 00000000 003d3b88 1da8d5e0 00000000 00000000 00000000 00000000
128: 00000000
200: 00000000 00000000 00000000 00000000 00000000 00000000 00000000 00000000
220: 00000000 00000000 00000000 00000000 00000000 00000000 00000000 00000000
 51:   13273128    8394267     115514         17   PCI-MSI-edge      eth2-rx-0
 52:    7151842      57032      72626      11651   PCI-MSI-edge      eth2-tx-0
 53:    1986455   11711310        575    2584736   PCI-MSI-edge      eth2
 54:     129871         35      39969    6735238   PCI-MSI-edge      eth3-rx-0
 55:       1695   14124239       2116    8420666   PCI-MSI-edge      eth3-tx-0
 56:       1240      72514      57427    2567478   PCI-MSI-edge      eth3
NMI:          0          0          0          0   Non-maskable interrupts
LOC:     291293     243552     195165     248469   Local timer interrupts
 50: 0174e16b b49d30cc 00000000 00000000 00000000 00000000 00000000 00000000
108: 00000000 00000000 003fa60e 1ed46ec8 00000000 00000000 00000000 00000000
128: 00000000
200: 00000000 00000000 00000000 00000000 00000000 00000000 00000000 00000000
220: 00000000 00000000 00000000 00000000 00000000 00000000 00000000 00000000
 51:   13292898    8394267     115514         17   PCI-MSI-edge      eth2-rx-0
 52:    7151842      57032      72626      11651   PCI-MSI-edge      eth2-tx-0
 53:    1986455   11733086        575    2584736   PCI-MSI-edge      eth2
 54:     129871         35      39969    6735239   PCI-MSI-edge      eth3-rx-0
 55:       1695   14145979       2116    8420666   PCI-MSI-edge      eth3-tx-0
 56:       1240      72514      57427    2567478   PCI-MSI-edge      eth3
NMI:          0          0          0          0   Non-maskable interrupts
LOC:     291565     243774     195307     248696   Local timer interrupts
 50: 0182f896 bb7069a0 00000000 00000000 00000000 00000000 00000000 00000000
108: 00000000 00000000 00420efe 1fff4308 00000000 00000000 00000000 00000000
128: 00000000
200: 00000000 00000000 00000000 00000000 00000000 00000000 00000000 00000000
220: 00000000 00000000 00000000 00000000 00000000 00000000 00000000 00000000
 51:   13312624    8394267     115514         17   PCI-MSI-edge      eth2-rx-0
 52:    7151842      57032      72626      11651   PCI-MSI-edge      eth2-tx-0
 53:    1986455   11754816        575    2584736   PCI-MSI-edge      eth2
 54:     129871         35      39969    6735239   PCI-MSI-edge      eth3-rx-0
 55:       1695   14167674       2116    8420666   PCI-MSI-edge      eth3-tx-0
 56:       1240      72514      57427    2567478   PCI-MSI-edge      eth3
NMI:          0          0          0          0   Non-maskable interrupts
LOC:     291836     243973     195443     248887   Local timer interrupts
 50: 019109d7 c240c598 00000000 00000000 00000000 00000000 00000000 00000000
108: 00000000 00000000 00447652 21294fb8 00000000 00000000 00000000 00000000
128: 00000000
200: 00000000 00000000 00000000 00000000 00000000 00000000 00000000 00000000
220: 00000000 00000000 00000000 00000000 00000000 00000000 00000000 00000000

[END] 2014/3/18 星期二 11:09:43
