rxrate 99%
rx-21966 126549 5pkts/per int
tx-22480 133265

[BEGIN] 2014/3/18 星期二 11:20:46
 51:   24597270    8394267     115514         17   PCI-MSI-edge      eth2-rx-0
 52:    7151842      57032      72626      11651   PCI-MSI-edge      eth2-tx-0
 53:    1986455   22761579        575    2584736   PCI-MSI-edge      eth2
 54:     129871         35      39969    6735576   PCI-MSI-edge      eth3-rx-0
 55:       1695   25813602       2116    8420666   PCI-MSI-edge      eth3-tx-0
 56:       1240      72514      57427    2567478   PCI-MSI-edge      eth3
NMI:          0          0          0          0   Non-maskable interrupts
LOC:     439903     334968     267314     336659   Local timer interrupts
 50: 0029e65c a6f1da8c 00000000 00000000 00000000 00000000 00000000 00000000
108: 00000000 00000000 0028db91 a2cad5bc 00000000 00000000 00000000 00000000
128: 00000000
200: 00000000 00000000 00000000 00000000 00000000 00000000 00000000 00000000
220: 00000000 00000000 00000000 00000000 00000000 00000000 00000000 00000000
 51:   24619236    8394267     115514         17   PCI-MSI-edge      eth2-rx-0
 52:    7151842      57032      72626      11651   PCI-MSI-edge      eth2-tx-0
 53:    1986455   22763965        575    2584736   PCI-MSI-edge      eth2
 54:     129871         35      39969    6735577   PCI-MSI-edge      eth3-rx-0
 55:       1695   25836082       2116    8420666   PCI-MSI-edge      eth3-tx-0
 56:       1240      72514      57427    2567478   PCI-MSI-edge      eth3
NMI:          0          0          0          0   Non-maskable interrupts
LOC:     440027     335193     267548     336874   Local timer interrupts
 50: 002beeed af0bf84c 00000000 00000000 00000000 00000000 00000000 00000000
108: 00000000 00000000 002ac9e6 aa7c7464 00000000 00000000 00000000 00000000
128: 00000000
200: 00000000 00000000 00000000 00000000 00000000 00000000 00000000 00000000
220: 00000000 00000000 00000000 00000000 00000000 00000000 00000000 00000000
 51:   24641170    8394267     115514         17   PCI-MSI-edge      eth2-rx-0
 52:    7151842      57032      72626      11651   PCI-MSI-edge      eth2-tx-0
 53:    1986455   22765229        575    2584736   PCI-MSI-edge      eth2
 54:     129871         35      39969    6735578   PCI-MSI-edge      eth3-rx-0
 55:       1695   25858287       2116    8420666   PCI-MSI-edge      eth3-tx-0
 56:       1240      72514      57427    2567478   PCI-MSI-edge      eth3
NMI:          0          0          0          0   Non-maskable interrupts
LOC:     440169     335402     267767     337084   Local timer interrupts
 50: 002e1bdc b7b70090 00000000 00000000 00000000 00000000 00000000 00000000
108: 00000000 00000000 002ce63c b2e55b0c 00000000 00000000 00000000 00000000
128: 00000000
200: 00000000 00000000 00000000 00000000 00000000 00000000 00000000 00000000
220: 00000000 00000000 00000000 00000000 00000000 00000000 00000000 00000000
 51:   24665247    8394267     115514         17   PCI-MSI-edge      eth2-rx-0
 52:    7151842      57032      72626      11651   PCI-MSI-edge      eth2-tx-0
 53:    1986455   22767385        575    2584736   PCI-MSI-edge      eth2
 54:     129871         35      39969    6735578   PCI-MSI-edge      eth3-rx-0
 55:       1695   25882629       2116    8420666   PCI-MSI-edge      eth3-tx-0
 56:       1240      72514      57427    2567478   PCI-MSI-edge      eth3
NMI:          0          0          0          0   Non-maskable interrupts
LOC:     440371     335657     268033     337323   Local timer interrupts
 50: 00302edf bffac084 00000000 00000000 00000000 00000000 00000000 00000000
108: 00000000 00000000 002ee67b bade5214 00000000 00000000 00000000 00000000
128: 00000000
200: 00000000 00000000 00000000 00000000 00000000 00000000 00000000 00000000
220: 00000000 00000000 00000000 00000000 00000000 00000000 00000000 00000000
 51:   24687428    8394267     115514         17   PCI-MSI-edge      eth2-rx-0
 52:    7151842      57032      72626      11651   PCI-MSI-edge      eth2-tx-0
 53:    1986455   22768485        575    2584736   PCI-MSI-edge      eth2
 54:     129871         35      39969    6735579   PCI-MSI-edge      eth3-rx-0
 55:       1695   25905068       2116    8420666   PCI-MSI-edge      eth3-tx-0
 56:       1240      72514      57427    2567478   PCI-MSI-edge      eth3
NMI:          0          0          0          0   Non-maskable interrupts
LOC:     440528     335891     268257     337557   Local timer interrupts
 50: 00324d8d c86d01c8 00000000 00000000 00000000 00000000 00000000 00000000
108: 00000000 00000000 0030ed9b c2f2b594 00000000 00000000 00000000 00000000
128: 00000000
200: 00000000 00000000 00000000 00000000 00000000 00000000 00000000 00000000
220: 00000000 00000000 00000000 00000000 00000000 00000000 00000000 00000000
 51:   24710209    8394267     115514         17   PCI-MSI-edge      eth2-rx-0
 52:    7151842      57032      72626      11651   PCI-MSI-edge      eth2-tx-0
 53:    1986455   22770191        575    2584736   PCI-MSI-edge      eth2
 54:     129871         35      39969    6735579   PCI-MSI-edge      eth3-rx-0
 55:       1695   25928254       2116    8420666   PCI-MSI-edge      eth3-tx-0
 56:       1240      72514      57427    2567478   PCI-MSI-edge      eth3
NMI:          0          0          0          0   Non-maskable interrupts
LOC:     440700     336123     268499     337781   Local timer interrupts
 50: 0034736a d0fbda58 00000000 00000000 00000000 00000000 00000000 00000000
108: 00000000 00000000 0032ffc6 cb3318e8 00000000 00000000 00000000 00000000
128: 00000000
200: 00000000 00000000 00000000 00000000 00000000 00000000 00000000 00000000
220: 00000000 00000000 00000000 00000000 00000000 00000000 00000000 00000000
 51:   24733451    8394267     115514         17   PCI-MSI-edge      eth2-rx-0
 52:    7151842      57032      72626      11651   PCI-MSI-edge      eth2-tx-0
 53:    1986455   22771102        575    2584736   PCI-MSI-edge      eth2
 54:     129871         35      39969    6735580   PCI-MSI-edge      eth3-rx-0
 55:       1695   25951724       2116    8420666   PCI-MSI-edge      eth3-tx-0
 56:       1240      72514      57427    2567478   PCI-MSI-edge      eth3
NMI:          0          0          0          0   Non-maskable interrupts
LOC:     440860     336381     268767     338028   Local timer interrupts
 50: 003686c0 d940e8fc 00000000 00000000 00000000 00000000 00000000 00000000
108: 00000000 00000000 0035020d d3342bcc 00000000 00000000 00000000 00000000
128: 00000000
200: 00000000 00000000 00000000 00000000 00000000 00000000 00000000 00000000
220: 00000000 00000000 00000000 00000000 00000000 00000000 00000000 00000000
 51:   24756222    8394267     115514         17   PCI-MSI-edge      eth2-rx-0
 52:    7151842      57032      72626      11651   PCI-MSI-edge      eth2-tx-0
 53:    1986455   22771762        575    2584736   PCI-MSI-edge      eth2
 54:     129871         35      39969    6735580   PCI-MSI-edge      eth3-rx-0
 55:       1695   25974616       2116    8420666   PCI-MSI-edge      eth3-tx-0
 56:       1240      72514      57427    2567478   PCI-MSI-edge      eth3
NMI:          0          0          0          0   Non-maskable interrupts
LOC:     441026     336608     268971     338243   Local timer interrupts
 50: 003896a3 e1783174 00000000 00000000 00000000 00000000 00000000 00000000
108: 00000000 00000000 0037059c db3a5990 00000000 00000000 00000000 00000000
128: 00000000
200: 00000000 00000000 00000000 00000000 00000000 00000000 00000000 00000000
220: 00000000 00000000 00000000 00000000 00000000 00000000 00000000 00000000
 51:   24779146    8394267     115514         17   PCI-MSI-edge      eth2-rx-0
 52:    7151842      57032      72626      11651   PCI-MSI-edge      eth2-tx-0
 53:    1986455   22773060        575    2584736   PCI-MSI-edge      eth2
 54:     129871         35      39969    6735581   PCI-MSI-edge      eth3-rx-0
 55:       1695   25997819       2116    8420666   PCI-MSI-edge      eth3-tx-0
 56:       1240      72514      57427    2567478   PCI-MSI-edge      eth3
NMI:          0          0          0          0   Non-maskable interrupts
LOC:     441171     336817     269161     338443   Local timer interrupts
 50: 003ab3cc e9e464cc 00000000 00000000 00000000 00000000 00000000 00000000
108: 00000000 00000000 0039111b e3602794 00000000 00000000 00000000 00000000
128: 00000000
200: 00000000 00000000 00000000 00000000 00000000 00000000 00000000 00000000
220: 00000000 00000000 00000000 00000000 00000000 00000000 00000000 00000000
 51:   24801741    8394267     115514         17   PCI-MSI-edge      eth2-rx-0
 52:    7151842      57032      72626      11651   PCI-MSI-edge      eth2-tx-0
 53:    1986455   22773438        575    2584736   PCI-MSI-edge      eth2
 54:     129871         35      39969    6735582   PCI-MSI-edge      eth3-rx-0
 55:       1695   26020502       2116    8420666   PCI-MSI-edge      eth3-tx-0
 56:       1240      72514      57427    2567478   PCI-MSI-edge      eth3
NMI:          0          0          0          0   Non-maskable interrupts
LOC:     441360     337091     269409     338707   Local timer interrupts
 50: 003ce391 f29ab5bc 00000000 00000000 00000000 00000000 00000000 00000000
108: 00000000 00000000 003b3515 ebe77fac 00000000 00000000 00000000 00000000
128: 00000000
200: 00000000 00000000 00000000 00000000 00000000 00000000 00000000 00000000
220: 00000000 00000000 00000000 00000000 00000000 00000000 00000000 00000000
 51:   24826284    8394267     115514         17   PCI-MSI-edge      eth2-rx-0
 52:    7151842      57032      72626      11651   PCI-MSI-edge      eth2-tx-0
 53:    1986455   22773779        575    2584736   PCI-MSI-edge      eth2
 54:     129871         35      39969    6735582   PCI-MSI-edge      eth3-rx-0
 55:       1695   26045034       2116    8420666   PCI-MSI-edge      eth3-tx-0
 56:       1240      72514      57427    2567478   PCI-MSI-edge      eth3
NMI:          0          0          0          0   Non-maskable interrupts
LOC:     441602     337367     269634     338983   Local timer interrupts
 50: 003f06ee fb1f9c48 00000000 00000000 00000000 00000000 00000000 00000000
108: 00000000 00000000 003d52b0 f4557540 00000000 00000000 00000000 00000000
128: 00000000
200: 00000000 00000000 00000000 00000000 00000000 00000000 00000000 00000000
220: 00000000 00000000 00000000 00000000 00000000 00000000 00000000 00000000
 51:   24848963    8394267     115514         17   PCI-MSI-edge      eth2-rx-0
 52:    7151842      57032      72626      11651   PCI-MSI-edge      eth2-tx-0
 53:    1986455   22774335        575    2584736   PCI-MSI-edge      eth2
 54:     129871         35      39969    6735583   PCI-MSI-edge      eth3-rx-0
 55:       1695   26067841       2116    8420666   PCI-MSI-edge      eth3-tx-0
 56:       1240      72514      57427    2567478   PCI-MSI-edge      eth3
NMI:          0          0          0          0   Non-maskable interrupts
LOC:     441789     337578     269805     339209   Local timer interrupts
 50: 00411a81 03659df8 00000000 00000000 00000000 00000000 00000000 00000000
108: 00000000 00000000 003f5201 fc4abbfc 00000000 00000000 00000000 00000000
128: 00000000
200: 00000000 00000001 00000000 00000000 00000000 00000000 00000000 00000000
220: 00000000 00000000 00000000 00000000 00000000 00000000 00000000 00000000

[END] 2014/3/18 星期二 11:21:11
